Timestamp,Epoch,Loss
2022-01-15 13:20:52.846602,0,0.0,15.533723652362823,15.533723652362823
2022-01-15 13:20:53.004144,1,0.0,14.951693058013916,14.951693058013916
2022-01-15 13:20:53.948391,2,0.0,14.925120174884796,14.925120174884796
2022-01-15 13:20:54.106267,3,0.0,14.912477970123291,14.912477970123291
2022-01-15 13:20:54.265733,4,0.0,14.85513311624527,14.85513311624527
2022-01-15 13:20:54.422844,5,0.0,14.676126182079315,14.676126182079315
2022-01-15 13:20:54.580283,6,0.0,14.456233739852905,14.456233739852905
2022-01-15 13:20:54.738369,7,0.0,14.240245997905731,14.240245997905731
2022-01-15 13:20:54.895753,8,0.0,14.172403812408447,14.172403812408447
2022-01-15 13:20:55.055031,9,0.0,14.143660008907318,14.143660008907318
2022-01-15 13:20:55.214627,10,0.0,14.05702030658722,14.05702030658722
2022-01-15 13:20:55.371680,11,0.0,14.025276064872742,14.025276064872742
2022-01-15 13:20:55.527900,12,0.0,14.044727325439453,14.044727325439453
2022-01-15 13:20:55.683501,13,0.0,14.042622745037079,14.042622745037079
2022-01-15 13:20:55.839815,14,0.0,13.943364202976227,13.943364202976227
2022-01-15 13:20:55.995609,15,0.0,13.996256232261658,13.996256232261658
2022-01-15 13:20:56.150296,16,0.0,13.965331137180328,13.965331137180328
2022-01-15 13:20:56.307044,17,0.0,13.976718425750732,13.976718425750732
2022-01-15 13:20:56.462249,18,0.0,13.962517857551575,13.962517857551575
2022-01-15 13:20:56.618376,19,0.0,13.96782499551773,13.96782499551773
2022-01-15 13:20:56.774263,20,0.0,13.946243524551392,13.946243524551392
2022-01-15 13:20:56.931684,21,0.0,13.920306146144867,13.920306146144867
2022-01-15 13:20:57.089448,22,0.0,13.907976388931274,13.907976388931274
2022-01-15 13:20:57.246840,23,0.0,13.926766991615295,13.926766991615295
2022-01-15 13:20:57.402422,24,0.0,13.968824446201324,13.968824446201324
2022-01-15 13:20:57.557925,25,0.0,13.98240351676941,13.98240351676941
2022-01-15 13:20:57.714529,26,0.0,13.973794221878052,13.973794221878052
2022-01-15 13:20:57.871695,27,0.0,13.90270733833313,13.90270733833313
2022-01-15 13:20:58.028452,28,0.0,13.902821838855743,13.902821838855743
2022-01-15 13:20:58.185101,29,0.0,13.907313108444214,13.907313108444214
2022-01-15 13:20:58.341182,30,0.0,13.895034611225128,13.895034611225128
2022-01-15 13:20:58.496805,31,0.0,13.902758777141571,13.902758777141571
2022-01-15 13:20:58.655577,32,0.0,13.859459221363068,13.859459221363068
2022-01-15 13:20:58.814974,33,0.0,13.853665590286255,13.853665590286255
2022-01-15 13:20:58.971979,34,0.0,13.864184439182281,13.864184439182281
2022-01-15 13:20:59.128574,35,0.0,13.7996284365654,13.7996284365654
2022-01-15 13:20:59.285187,36,0.0,13.883403956890106,13.883403956890106
2022-01-15 13:20:59.440472,37,0.0,13.846669733524323,13.846669733524323
2022-01-15 13:20:59.597326,38,0.0,13.837341129779816,13.837341129779816
2022-01-15 13:20:59.752889,39,0.0,13.816011428833008,13.816011428833008
2022-01-15 13:20:59.908168,40,0.0,13.875613451004028,13.875613451004028
2022-01-15 13:21:00.063580,41,0.0,13.832643508911133,13.832643508911133
2022-01-15 13:21:00.219857,42,0.0,13.812691271305084,13.812691271305084
2022-01-15 13:21:00.376443,43,0.0,13.785978615283966,13.785978615283966
2022-01-15 13:21:00.531538,44,0.0,13.814080893993378,13.814080893993378
2022-01-15 13:21:00.687737,45,0.0,13.824720978736877,13.824720978736877
2022-01-15 13:21:00.843561,46,0.0,13.93477088212967,13.93477088212967
2022-01-15 13:21:01.000624,47,0.0,13.832328021526337,13.832328021526337
2022-01-15 13:21:01.156645,48,0.0,13.813308656215668,13.813308656215668
2022-01-15 13:21:01.315789,49,0.0,13.770343482494354,13.770343482494354
2022-01-15 13:21:01.473608,50,0.0,13.753207564353943,13.753207564353943
2022-01-15 13:21:01.630469,51,0.0,13.769273102283478,13.769273102283478
2022-01-15 13:21:01.788107,52,0.0,13.751579761505127,13.751579761505127
2022-01-15 13:21:01.948074,53,0.0,13.707978904247284,13.707978904247284
2022-01-15 13:21:02.110480,54,0.0,13.70195335149765,13.70195335149765
2022-01-15 13:21:02.269988,55,0.0,13.756622850894928,13.756622850894928
2022-01-15 13:21:02.426732,56,0.0,13.739710450172424,13.739710450172424
2022-01-15 13:21:02.585340,57,0.0,13.700754761695862,13.700754761695862
2022-01-15 13:21:02.744188,58,0.0,13.666460454463959,13.666460454463959
2022-01-15 13:21:02.900331,59,0.0,13.670870035886765,13.670870035886765
2022-01-15 13:21:03.058024,60,0.0,13.642985165119171,13.642985165119171
2022-01-15 13:21:03.215682,61,0.0,13.645492315292358,13.645492315292358
2022-01-15 13:21:03.370617,62,0.0,13.649516582489014,13.649516582489014
2022-01-15 13:21:03.527140,63,0.0,13.672849237918854,13.672849237918854
2022-01-15 13:21:03.684832,64,0.0,13.590331047773361,13.590331047773361
2022-01-15 13:21:03.841620,65,0.0,13.629264116287231,13.629264116287231
2022-01-15 13:21:03.998562,66,0.0,13.635403513908386,13.635403513908386
2022-01-15 13:21:04.154211,67,0.0,13.64393836259842,13.64393836259842
2022-01-15 13:21:04.311864,68,0.0,13.65307754278183,13.65307754278183
2022-01-15 13:21:04.467951,69,0.0,13.625335186719894,13.625335186719894
2022-01-15 13:21:04.624985,70,0.0,13.564821481704712,13.564821481704712
2022-01-15 13:21:04.782354,71,0.0,13.516811907291412,13.516811907291412
2022-01-15 13:21:04.938694,72,0.0,13.530207455158234,13.530207455158234
2022-01-15 13:21:05.096296,73,0.0,13.524581849575043,13.524581849575043
2022-01-15 13:21:05.253191,74,0.0,13.534263640642166,13.534263640642166
2022-01-15 13:21:05.411412,75,0.0,13.475070297718048,13.475070297718048
2022-01-15 13:21:05.567840,76,0.0,13.493874549865723,13.493874549865723
2022-01-15 13:21:05.724812,77,0.0,13.464236468076706,13.464236468076706
2022-01-15 13:21:05.882362,78,0.0,13.454028725624084,13.454028725624084
2022-01-15 13:21:06.039245,79,0.0,13.460960924625397,13.460960924625397
2022-01-15 13:21:06.195290,80,0.0,13.47121924161911,13.47121924161911
2022-01-15 13:21:06.353078,81,0.0,13.388319194316864,13.388319194316864
2022-01-15 13:21:06.509992,82,0.0,13.38491803407669,13.38491803407669
2022-01-15 13:21:06.668990,83,0.0,13.313656091690063,13.313656091690063
2022-01-15 13:21:06.826598,84,0.0,13.305399626493454,13.305399626493454
2022-01-15 13:21:06.982457,85,0.0,13.363091170787811,13.363091170787811
2022-01-15 13:21:07.139081,86,0.0,13.265649437904358,13.265649437904358
2022-01-15 13:21:07.296651,87,0.0,13.284819424152374,13.284819424152374
2022-01-15 13:21:07.452476,88,0.0,13.300225377082825,13.300225377082825
2022-01-15 13:21:07.610066,89,0.0,13.2106112241745,13.2106112241745
2022-01-15 13:21:07.767880,90,0.0,13.168818205595016,13.168818205595016
2022-01-15 13:21:07.924247,91,0.0,13.219812244176865,13.219812244176865
2022-01-15 13:21:08.081163,92,0.0,13.266430646181107,13.266430646181107
2022-01-15 13:21:08.238365,93,0.0,13.1654691696167,13.1654691696167
2022-01-15 13:21:08.396140,94,0.0,13.182570338249207,13.182570338249207
2022-01-15 13:21:08.552493,95,0.0,13.137789279222488,13.137789279222488
2022-01-15 13:21:08.709828,96,0.0,13.029620796442032,13.029620796442032
2022-01-15 13:21:08.867379,97,0.0,13.021814823150635,13.021814823150635
2022-01-15 13:21:09.024800,98,0.0,12.980045974254608,12.980045974254608
2022-01-15 13:21:09.181859,99,0.0,12.921539425849915,12.921539425849915
2022-01-15 13:21:09.338990,100,0.0,12.918914318084717,12.918914318084717
2022-01-15 13:21:09.497223,101,0.0,12.890131175518036,12.890131175518036
2022-01-15 13:21:09.654819,102,0.0,12.829520404338837,12.829520404338837
2022-01-15 13:21:09.812743,103,0.0,12.777464091777802,12.777464091777802
2022-01-15 13:21:09.970058,104,0.0,12.844562530517578,12.844562530517578
2022-01-15 13:21:10.127850,105,0.0,12.674186289310455,12.674186289310455
2022-01-15 13:21:10.285728,106,0.0,12.864819586277008,12.864819586277008
2022-01-15 13:21:10.442184,107,0.0,12.697136402130127,12.697136402130127
2022-01-15 13:21:10.599155,108,0.0,12.649259179830551,12.649259179830551
2022-01-15 13:21:10.756082,109,0.0,12.648809224367142,12.648809224367142
2022-01-15 13:21:10.913679,110,0.0,12.56753271818161,12.56753271818161
2022-01-15 13:21:11.071192,111,0.0,12.520084410905838,12.520084410905838
2022-01-15 13:21:11.228485,112,0.0,12.483994454145432,12.483994454145432
2022-01-15 13:21:11.387102,113,0.0,12.383930921554565,12.383930921554565
2022-01-15 13:21:11.542927,114,0.0,12.433660358190536,12.433660358190536
2022-01-15 13:21:11.700608,115,0.0,12.373383849859238,12.373383849859238
2022-01-15 13:21:11.857666,116,0.0,12.410530149936676,12.410530149936676
2022-01-15 13:21:12.015135,117,0.0,12.292928010225296,12.292928010225296
2022-01-15 13:21:12.173265,118,0.0,12.228568822145462,12.228568822145462
2022-01-15 13:21:12.332306,119,0.0,12.195515215396881,12.195515215396881
2022-01-15 13:21:12.488820,120,0.0,12.128369778394699,12.128369778394699
2022-01-15 13:21:12.645738,121,0.0,12.19058582186699,12.19058582186699
2022-01-15 13:21:12.801558,122,0.0,12.214190542697906,12.214190542697906
2022-01-15 13:21:12.957531,123,0.0,12.188959747552872,12.188959747552872
2022-01-15 13:21:13.114536,124,0.0,12.037692666053772,12.037692666053772
2022-01-15 13:21:13.271094,125,0.0,12.05589234828949,12.05589234828949
2022-01-15 13:21:13.429325,126,0.0,11.850613236427307,11.850613236427307
2022-01-15 13:21:13.584531,127,0.0,11.865859150886536,11.865859150886536
2022-01-15 13:21:13.739735,128,0.0,11.897768884897232,11.897768884897232
2022-01-15 13:21:13.896520,129,0.0,11.788274556398392,11.788274556398392
2022-01-15 13:21:14.053284,130,0.0,11.73096388578415,11.73096388578415
2022-01-15 13:21:14.210085,131,0.0,11.622412592172623,11.622412592172623
2022-01-15 13:21:14.366459,132,0.0,11.685991495847702,11.685991495847702
2022-01-15 13:21:14.523399,133,0.0,11.4534872174263,11.4534872174263
2022-01-15 13:21:14.679291,134,0.0,11.55092078447342,11.55092078447342
2022-01-15 13:21:14.837468,135,0.0,11.40999710559845,11.40999710559845
2022-01-15 13:21:14.995421,136,0.0,11.412129312753677,11.412129312753677
2022-01-15 13:21:15.155097,137,0.0,11.373025476932526,11.373025476932526
2022-01-15 13:21:15.315504,138,0.0,11.428924262523651,11.428924262523651
2022-01-15 13:21:15.471711,139,0.0,11.381586879491806,11.381586879491806
2022-01-15 13:21:15.628288,140,0.0,11.196653991937637,11.196653991937637
2022-01-15 13:21:15.783320,141,0.0,11.296870470046997,11.296870470046997
2022-01-15 13:21:15.940076,142,0.0,11.11512005329132,11.11512005329132
2022-01-15 13:21:16.097054,143,0.0,11.071852713823318,11.071852713823318
2022-01-15 13:21:16.255939,144,0.0,11.068522155284882,11.068522155284882
2022-01-15 13:21:16.414962,145,0.0,10.988982141017914,10.988982141017914
2022-01-15 13:21:16.572990,146,0.0,10.820255875587463,10.820255875587463
2022-01-15 13:21:16.732292,147,0.0,10.735791563987732,10.735791563987732
2022-01-15 13:21:16.889478,148,0.0,10.901099175214767,10.901099175214767
2022-01-15 13:21:17.046345,149,0.0,10.864166110754013,10.864166110754013
2022-01-15 13:21:17.203526,150,0.0,10.614985883235931,10.614985883235931
2022-01-15 13:21:17.359463,151,0.0,10.648563593626022,10.648563593626022
2022-01-15 13:21:17.516630,152,0.0,10.579504877328873,10.579504877328873
2022-01-15 13:21:17.674574,153,0.0,10.48433530330658,10.48433530330658
2022-01-15 13:21:17.832004,154,0.0,10.314386576414108,10.314386576414108
2022-01-15 13:21:17.988043,155,0.0,10.329900711774826,10.329900711774826
2022-01-15 13:21:18.145170,156,0.0,10.310431092977524,10.310431092977524
2022-01-15 13:21:18.301392,157,0.0,10.24526235461235,10.24526235461235
2022-01-15 13:21:18.457259,158,0.0,10.285067617893219,10.285067617893219
2022-01-15 13:21:18.612439,159,0.0,10.27737221121788,10.27737221121788
2022-01-15 13:21:18.768696,160,0.0,10.137234568595886,10.137234568595886
2022-01-15 13:21:18.923666,161,0.0,10.183872610330582,10.183872610330582
2022-01-15 13:21:19.080782,162,0.0,9.963505268096924,9.963505268096924
2022-01-15 13:21:19.236531,163,0.0,10.006013035774231,10.006013035774231
2022-01-15 13:21:19.394206,164,0.0,9.893688589334488,9.893688589334488
2022-01-15 13:21:19.550657,165,0.0,9.823784977197647,9.823784977197647
2022-01-15 13:21:19.707690,166,0.0,9.740861564874649,9.740861564874649
2022-01-15 13:21:19.863288,167,0.0,9.875425547361374,9.875425547361374
2022-01-15 13:21:20.020048,168,0.0,9.807846277952194,9.807846277952194
2022-01-15 13:21:20.177815,169,0.0,9.676896929740906,9.676896929740906
2022-01-15 13:21:20.335018,170,0.0,9.73697805404663,9.73697805404663
2022-01-15 13:21:20.492498,171,0.0,9.57087504863739,9.57087504863739
2022-01-15 13:21:20.647964,172,0.0,9.73768475651741,9.73768475651741
2022-01-15 13:21:20.803937,173,0.0,9.599283933639526,9.599283933639526
2022-01-15 13:21:20.959481,174,0.0,9.588423252105713,9.588423252105713
2022-01-15 13:21:21.117348,175,0.0,9.437398791313171,9.437398791313171
2022-01-15 13:21:21.274987,176,0.0,9.424209386110306,9.424209386110306
2022-01-15 13:21:21.432960,177,0.0,9.351654917001724,9.351654917001724
2022-01-15 13:21:21.589587,178,0.0,9.21888393163681,9.21888393163681
2022-01-15 13:21:21.747569,179,0.0,9.18307712674141,9.18307712674141
2022-01-15 13:21:21.904388,180,0.0,9.196654081344604,9.196654081344604
2022-01-15 13:21:22.062990,181,0.0,9.137260049581528,9.137260049581528
2022-01-15 13:21:22.223005,182,0.0,8.96756973862648,8.96756973862648
2022-01-15 13:21:22.383154,183,0.0,8.756213814020157,8.756213814020157
2022-01-15 13:21:22.539258,184,0.0,9.029718726873398,9.029718726873398
2022-01-15 13:21:22.696526,185,0.0,8.78965014219284,8.78965014219284
2022-01-15 13:21:22.852829,186,0.0,8.89704543352127,8.89704543352127
2022-01-15 13:21:23.008709,187,0.0,8.783941179513931,8.783941179513931
2022-01-15 13:21:23.165084,188,0.0,8.649649739265442,8.649649739265442
2022-01-15 13:21:23.320116,189,0.0,8.768981963396072,8.768981963396072
2022-01-15 13:21:23.477060,190,0.0,8.666196942329407,8.666196942329407
2022-01-15 13:21:23.633630,191,0.0,8.637707352638245,8.637707352638245
2022-01-15 13:21:23.791169,192,0.0,8.455226093530655,8.455226093530655
2022-01-15 13:21:23.948211,193,0.0,8.376151353120804,8.376151353120804
2022-01-15 13:21:24.104724,194,0.0,8.475356876850128,8.475356876850128
2022-01-15 13:21:24.262531,195,0.0,8.360305547714233,8.360305547714233
2022-01-15 13:21:24.420848,196,0.0,8.294009804725647,8.294009804725647
2022-01-15 13:21:24.576957,197,0.0,8.298098266124725,8.298098266124725
2022-01-15 13:21:24.735035,198,0.0,8.141751259565353,8.141751259565353
2022-01-15 13:21:24.891496,199,0.0,8.141838133335114,8.141838133335114
2022-01-15 13:21:25.847980,200,0.0,7.9904899299144745,7.9904899299144745
2022-01-15 13:21:26.005016,201,0.0,8.020884454250336,8.020884454250336
2022-01-15 13:21:26.162586,202,0.0,7.9753299951553345,7.9753299951553345
2022-01-15 13:21:26.318807,203,0.0,8.005200982093811,8.005200982093811
2022-01-15 13:21:26.477085,204,0.0,7.943940192461014,7.943940192461014
2022-01-15 13:21:26.633727,205,0.0,7.96099516749382,7.96099516749382
2022-01-15 13:21:26.790749,206,0.0,8.06903487443924,8.06903487443924
2022-01-15 13:21:26.949084,207,0.0,7.799390584230423,7.799390584230423
2022-01-15 13:21:27.107092,208,0.0,7.684571981430054,7.684571981430054
2022-01-15 13:21:27.263571,209,0.0,7.722506821155548,7.722506821155548
2022-01-15 13:21:27.421075,210,0.0,7.638008892536163,7.638008892536163
2022-01-15 13:21:27.578377,211,0.0,7.618177741765976,7.618177741765976
2022-01-15 13:21:27.737568,212,0.0,7.659026592969894,7.659026592969894
2022-01-15 13:21:27.896698,213,0.0,7.6017411053180695,7.6017411053180695
2022-01-15 13:21:28.054121,214,0.0,7.579482764005661,7.579482764005661
2022-01-15 13:21:28.211270,215,0.0,7.369017690420151,7.369017690420151
2022-01-15 13:21:28.367463,216,0.0,7.333235949277878,7.333235949277878
2022-01-15 13:21:28.524179,217,0.0,7.4918211698532104,7.4918211698532104
2022-01-15 13:21:28.680246,218,0.0,7.342756807804108,7.342756807804108
2022-01-15 13:21:28.855898,219,0.0,7.21842235326767,7.21842235326767
2022-01-15 13:21:29.020395,220,0.0,7.289271950721741,7.289271950721741
2022-01-15 13:21:29.176630,221,0.0,7.416043803095818,7.416043803095818
2022-01-15 13:21:29.334103,222,0.0,7.31993705034256,7.31993705034256
2022-01-15 13:21:29.494705,223,0.0,7.156939506530762,7.156939506530762
2022-01-15 13:21:29.650818,224,0.0,7.290497779846191,7.290497779846191
2022-01-15 13:21:29.807381,225,0.0,7.417443349957466,7.417443349957466
2022-01-15 13:21:29.964782,226,0.0,6.935696378350258,6.935696378350258
2022-01-15 13:21:30.120807,227,0.0,7.029669791460037,7.029669791460037
2022-01-15 13:21:30.277364,228,0.0,7.094225704669952,7.094225704669952
2022-01-15 13:21:30.433613,229,0.0,7.024357542395592,7.024357542395592
2022-01-15 13:21:30.590856,230,0.0,6.910695433616638,6.910695433616638
2022-01-15 13:21:30.747380,231,0.0,7.001985147595406,7.001985147595406
2022-01-15 13:21:30.904495,232,0.0,6.759526938199997,6.759526938199997
2022-01-15 13:21:31.060411,233,0.0,6.918997898697853,6.918997898697853
2022-01-15 13:21:31.217511,234,0.0,6.765623182058334,6.765623182058334
2022-01-15 13:21:31.375218,235,0.0,6.71838866174221,6.71838866174221
2022-01-15 13:21:31.534347,236,0.0,6.574912533164024,6.574912533164024
2022-01-15 13:21:31.690956,237,0.0,6.871611520648003,6.871611520648003
2022-01-15 13:21:31.848002,238,0.0,6.600471124053001,6.600471124053001
2022-01-15 13:21:32.004602,239,0.0,6.64219231903553,6.64219231903553
2022-01-15 13:21:32.161576,240,0.0,6.5686241537332535,6.5686241537332535
2022-01-15 13:21:32.317355,241,0.0,6.648350492119789,6.648350492119789
2022-01-15 13:21:32.473902,242,0.0,6.620013952255249,6.620013952255249
2022-01-15 13:21:32.630452,243,0.0,6.574690788984299,6.574690788984299
2022-01-15 13:21:32.790341,244,0.0,6.557822972536087,6.557822972536087
2022-01-15 13:21:32.947674,245,0.0,6.420280501246452,6.420280501246452
2022-01-15 13:21:33.105553,246,0.0,6.519766882061958,6.519766882061958
2022-01-15 13:21:33.263461,247,0.0,6.402886673808098,6.402886673808098
2022-01-15 13:21:33.420661,248,0.0,6.320238575339317,6.320238575339317
2022-01-15 13:21:33.578559,249,0.0,6.388665065169334,6.388665065169334
2022-01-15 13:21:33.735905,250,0.0,6.316220670938492,6.316220670938492
2022-01-15 13:21:33.892430,251,0.0,6.145345389842987,6.145345389842987
2022-01-15 13:21:34.050123,252,0.0,6.115881100296974,6.115881100296974
2022-01-15 13:21:34.207032,253,0.0,6.32324655354023,6.32324655354023
2022-01-15 13:21:34.364338,254,0.0,6.073376178741455,6.073376178741455
2022-01-15 13:21:34.522387,255,0.0,6.283372685313225,6.283372685313225
2022-01-15 13:21:34.679033,256,0.0,6.113636806607246,6.113636806607246
2022-01-15 13:21:34.835431,257,0.0,6.178200870752335,6.178200870752335
2022-01-15 13:21:34.993637,258,0.0,6.051029220223427,6.051029220223427
2022-01-15 13:21:35.150794,259,0.0,6.137487962841988,6.137487962841988
2022-01-15 13:21:35.309680,260,0.0,6.025778293609619,6.025778293609619
2022-01-15 13:21:35.470155,261,0.0,5.979447901248932,5.979447901248932
2022-01-15 13:21:35.627711,262,0.0,5.838332027196884,5.838332027196884
2022-01-15 13:21:35.783982,263,0.0,5.863136410713196,5.863136410713196
2022-01-15 13:21:35.940700,264,0.0,5.788972198963165,5.788972198963165
2022-01-15 13:21:36.099304,265,0.0,5.763140380382538,5.763140380382538
2022-01-15 13:21:36.256542,266,0.0,5.653492599725723,5.653492599725723
2022-01-15 13:21:36.412376,267,0.0,5.854144215583801,5.854144215583801
2022-01-15 13:21:36.569241,268,0.0,5.740437537431717,5.740437537431717
2022-01-15 13:21:36.725646,269,0.0,5.742396593093872,5.742396593093872
2022-01-15 13:21:36.881736,270,0.0,5.922093763947487,5.922093763947487
2022-01-15 13:21:37.037660,271,0.0,5.805503383278847,5.805503383278847
2022-01-15 13:21:37.194080,272,0.0,5.860870406031609,5.860870406031609
2022-01-15 13:21:37.350125,273,0.0,5.957105562090874,5.957105562090874
2022-01-15 13:21:37.509500,274,0.0,5.659860894083977,5.659860894083977
2022-01-15 13:21:37.668301,275,0.0,5.4201850444078445,5.4201850444078445
2022-01-15 13:21:37.825367,276,0.0,5.488061249256134,5.488061249256134
2022-01-15 13:21:37.983383,277,0.0,5.302676409482956,5.302676409482956
2022-01-15 13:21:38.140497,278,0.0,5.2645769119262695,5.2645769119262695
2022-01-15 13:21:38.297189,279,0.0,5.210639804601669,5.210639804601669
2022-01-15 13:21:38.453820,280,0.0,5.616936922073364,5.616936922073364
2022-01-15 13:21:38.614246,281,0.0,5.596755340695381,5.596755340695381
2022-01-15 13:21:38.771925,282,0.0,5.232889086008072,5.232889086008072
2022-01-15 13:21:38.928143,283,0.0,5.514707535505295,5.514707535505295
2022-01-15 13:21:39.084148,284,0.0,5.288509339094162,5.288509339094162
2022-01-15 13:21:39.241373,285,0.0,5.269525557756424,5.269525557756424
2022-01-15 13:21:39.398937,286,0.0,5.4637860506772995,5.4637860506772995
2022-01-15 13:21:39.556463,287,0.0,5.262657791376114,5.262657791376114
2022-01-15 13:21:39.712781,288,0.0,5.414577335119247,5.414577335119247
2022-01-15 13:21:39.868443,289,0.0,5.549931108951569,5.549931108951569
2022-01-15 13:21:40.024211,290,0.0,5.219574064016342,5.219574064016342
2022-01-15 13:21:40.180402,291,0.0,5.293856829404831,5.293856829404831
2022-01-15 13:21:40.336176,292,0.0,5.330231487751007,5.330231487751007
2022-01-15 13:21:40.493782,293,0.0,5.371578231453896,5.371578231453896
2022-01-15 13:21:40.650804,294,0.0,5.154115304350853,5.154115304350853
2022-01-15 13:21:40.808527,295,0.0,5.053216993808746,5.053216993808746
2022-01-15 13:21:40.964941,296,0.0,5.1428224593400955,5.1428224593400955
2022-01-15 13:21:41.121724,297,0.0,4.971673160791397,4.971673160791397
2022-01-15 13:21:41.278233,298,0.0,4.968373417854309,4.968373417854309
2022-01-15 13:21:41.434098,299,0.0,5.074952527880669,5.074952527880669
2022-01-15 13:21:41.590523,300,0.0,4.981773063540459,4.981773063540459
2022-01-15 13:21:41.747763,301,0.0,4.812902241945267,4.812902241945267
2022-01-15 13:21:41.904276,302,0.0,4.908164232969284,4.908164232969284
2022-01-15 13:21:42.060221,303,0.0,5.154173970222473,5.154173970222473
2022-01-15 13:21:42.215498,304,0.0,4.998482912778854,4.998482912778854
2022-01-15 13:21:42.371425,305,0.0,4.905893832445145,4.905893832445145
2022-01-15 13:21:42.529675,306,0.0,4.830676302313805,4.830676302313805
2022-01-15 13:21:42.688530,307,0.0,4.8692475110292435,4.8692475110292435
2022-01-15 13:21:42.846384,308,0.0,4.8204804211854935,4.8204804211854935
2022-01-15 13:21:43.006500,309,0.0,4.766907587647438,4.766907587647438
2022-01-15 13:21:43.955431,310,0.0,4.684549644589424,4.684549644589424
2022-01-15 13:21:44.113736,311,0.0,4.613068625330925,4.613068625330925
2022-01-15 13:21:44.269890,312,0.0,5.005727469921112,5.005727469921112
2022-01-15 13:21:44.425803,313,0.0,5.181781977415085,5.181781977415085
2022-01-15 13:21:44.585016,314,0.0,4.607587561011314,4.607587561011314
2022-01-15 13:21:44.743217,315,0.0,4.387381374835968,4.387381374835968
2022-01-15 13:21:44.899051,316,0.0,4.561959221959114,4.561959221959114
2022-01-15 13:21:45.056535,317,0.0,4.801508381962776,4.801508381962776
2022-01-15 13:21:45.212774,318,0.0,4.874663546681404,4.874663546681404
2022-01-15 13:21:45.369401,319,0.0,4.749419450759888,4.749419450759888
2022-01-15 13:21:45.526058,320,0.0,4.595389157533646,4.595389157533646
2022-01-15 13:21:45.682939,321,0.0,4.434410855174065,4.434410855174065
2022-01-15 13:21:45.838729,322,0.0,4.392969325184822,4.392969325184822
2022-01-15 13:21:45.996062,323,0.0,4.501919895410538,4.501919895410538
2022-01-15 13:21:46.153040,324,0.0,4.490916967391968,4.490916967391968
2022-01-15 13:21:46.309724,325,0.0,4.35109381377697,4.35109381377697
2022-01-15 13:21:46.467220,326,0.0,4.344502389431,4.344502389431
2022-01-15 13:21:46.625624,327,0.0,4.217733174562454,4.217733174562454
2022-01-15 13:21:46.782211,328,0.0,4.309024706482887,4.309024706482887
2022-01-15 13:21:46.940847,329,0.0,4.353678345680237,4.353678345680237
2022-01-15 13:21:47.098995,330,0.0,4.159575387835503,4.159575387835503
2022-01-15 13:21:47.257028,331,0.0,4.368149399757385,4.368149399757385
2022-01-15 13:21:47.413757,332,0.0,4.378992632031441,4.378992632031441
2022-01-15 13:21:47.573185,333,0.0,4.12583826482296,4.12583826482296
2022-01-15 13:21:47.732163,334,0.0,4.119927726686001,4.119927726686001
2022-01-15 13:21:47.888792,335,0.0,4.2535960376262665,4.2535960376262665
2022-01-15 13:21:48.046169,336,0.0,4.201803624629974,4.201803624629974
2022-01-15 13:21:48.202783,337,0.0,4.3336098194122314,4.3336098194122314
2022-01-15 13:21:48.358466,338,0.0,4.25610014796257,4.25610014796257
2022-01-15 13:21:48.515610,339,0.0,3.8030081763863564,3.8030081763863564
2022-01-15 13:21:48.672375,340,0.0,4.044586002826691,4.044586002826691
2022-01-15 13:21:48.828027,341,0.0,3.962027758359909,3.962027758359909
2022-01-15 13:21:48.983814,342,0.0,4.081039719283581,4.081039719283581
2022-01-15 13:21:49.140045,343,0.0,4.090037479996681,4.090037479996681
2022-01-15 13:21:49.297411,344,0.0,3.839018151164055,3.839018151164055
2022-01-15 13:21:49.454464,345,0.0,3.968948394060135,3.968948394060135
2022-01-15 13:21:49.614775,346,0.0,3.7601305916905403,3.7601305916905403
2022-01-15 13:21:49.771222,347,0.0,4.014415681362152,4.014415681362152
2022-01-15 13:21:49.927403,348,0.0,3.997072458267212,3.997072458267212
2022-01-15 13:21:50.085827,349,0.0,4.190935865044594,4.190935865044594
2022-01-15 13:21:50.245912,350,0.0,3.988905183970928,3.988905183970928
2022-01-15 13:21:50.402011,351,0.0,3.9572609663009644,3.9572609663009644
2022-01-15 13:21:50.558756,352,0.0,3.8989292830228806,3.8989292830228806
2022-01-15 13:21:50.716255,353,0.0,3.8404387906193733,3.8404387906193733
2022-01-15 13:21:50.873862,354,0.0,3.6853600442409515,3.6853600442409515
2022-01-15 13:21:51.030814,355,0.0,3.6372380778193474,3.6372380778193474
2022-01-15 13:21:51.187615,356,0.0,4.107121989130974,4.107121989130974
2022-01-15 13:21:51.344010,357,0.0,3.932715594768524,3.932715594768524
2022-01-15 13:21:51.500357,358,0.0,3.8321340158581734,3.8321340158581734
2022-01-15 13:21:51.659288,359,0.0,3.568204142153263,3.568204142153263
2022-01-15 13:21:51.816236,360,0.0,3.630464181303978,3.630464181303978
2022-01-15 13:21:51.972907,361,0.0,3.7284361496567726,3.7284361496567726
2022-01-15 13:21:52.128349,362,0.0,3.7296936735510826,3.7296936735510826
2022-01-15 13:21:52.283406,363,0.0,3.7312616407871246,3.7312616407871246
2022-01-15 13:21:52.440571,364,0.0,3.866366907954216,3.866366907954216
2022-01-15 13:21:52.599991,365,0.0,3.7349112778902054,3.7349112778902054
2022-01-15 13:21:52.757527,366,0.0,3.910752758383751,3.910752758383751
2022-01-15 13:21:52.914947,367,0.0,3.5420982018113136,3.5420982018113136
2022-01-15 13:21:53.071291,368,0.0,3.8431990519165993,3.8431990519165993
2022-01-15 13:21:53.230464,369,0.0,3.432614214718342,3.432614214718342
2022-01-15 13:21:53.386361,370,0.0,3.5663790479302406,3.5663790479302406
2022-01-15 13:21:53.542470,371,0.0,3.585466653108597,3.585466653108597
2022-01-15 13:21:53.700648,372,0.0,3.6007459834218025,3.6007459834218025
2022-01-15 13:21:53.855850,373,0.0,3.691416598856449,3.691416598856449
2022-01-15 13:21:54.011214,374,0.0,3.4951301515102386,3.4951301515102386
2022-01-15 13:21:54.167058,375,0.0,3.5290890485048294,3.5290890485048294
2022-01-15 13:21:54.322931,376,0.0,3.4640705287456512,3.4640705287456512
2022-01-15 13:21:54.480007,377,0.0,3.3602919206023216,3.3602919206023216
2022-01-15 13:21:54.637717,378,0.0,3.4463536739349365,3.4463536739349365
2022-01-15 13:21:54.793307,379,0.0,3.712454117834568,3.712454117834568
2022-01-15 13:21:54.948418,380,0.0,3.6150441393256187,3.6150441393256187
2022-01-15 13:21:55.105749,381,0.0,3.6505998000502586,3.6505998000502586
2022-01-15 13:21:55.262175,382,0.0,3.3632477298378944,3.3632477298378944
2022-01-15 13:21:55.418106,383,0.0,3.6688223257660866,3.6688223257660866
2022-01-15 13:21:55.574311,384,0.0,3.838165760040283,3.838165760040283
2022-01-15 13:21:55.732754,385,0.0,3.7414501681923866,3.7414501681923866
2022-01-15 13:21:55.890032,386,0.0,3.3345280289649963,3.3345280289649963
2022-01-15 13:21:56.048203,387,0.0,3.3086142167448997,3.3086142167448997
2022-01-15 13:21:56.204698,388,0.0,3.561485692858696,3.561485692858696
2022-01-15 13:21:56.360664,389,0.0,3.4643305018544197,3.4643305018544197
2022-01-15 13:21:56.518371,390,0.0,3.1677632480859756,3.1677632480859756
2022-01-15 13:21:56.676137,391,0.0,3.4850867465138435,3.4850867465138435
2022-01-15 13:21:56.832586,392,0.0,3.3700858652591705,3.3700858652591705
2022-01-15 13:21:56.989351,393,0.0,3.3534277603030205,3.3534277603030205
2022-01-15 13:21:57.145203,394,0.0,3.8045601546764374,3.8045601546764374
2022-01-15 13:21:57.302246,395,0.0,3.1727402433753014,3.1727402433753014
2022-01-15 13:21:57.458983,396,0.0,3.8374016731977463,3.8374016731977463
2022-01-15 13:21:57.616883,397,0.0,3.542947940528393,3.542947940528393
2022-01-15 13:21:57.773581,398,0.0,3.6590176299214363,3.6590176299214363
2022-01-15 13:21:57.930091,399,0.0,3.238669238984585,3.238669238984585
2022-01-15 13:21:58.086229,400,0.0,3.631633684039116,3.631633684039116
2022-01-15 13:21:58.243058,401,0.0,3.0365153178572655,3.0365153178572655
2022-01-15 13:21:58.399619,402,0.0,3.396746575832367,3.396746575832367
2022-01-15 13:21:58.555527,403,0.0,3.1989605873823166,3.1989605873823166
2022-01-15 13:21:58.713012,404,0.0,3.2970985770225525,3.2970985770225525
2022-01-15 13:21:58.869122,405,0.0,3.490266442298889,3.490266442298889
2022-01-15 13:21:59.025239,406,0.0,3.495032384991646,3.495032384991646
2022-01-15 13:21:59.181056,407,0.0,3.267341837286949,3.267341837286949
2022-01-15 13:21:59.336650,408,0.0,3.3184575363993645,3.3184575363993645
2022-01-15 13:21:59.492876,409,0.0,3.3839505463838577,3.3839505463838577
2022-01-15 13:21:59.651842,410,0.0,3.1961019039154053,3.1961019039154053
2022-01-15 13:21:59.807668,411,0.0,3.0954989567399025,3.0954989567399025
2022-01-15 13:21:59.963585,412,0.0,3.065003290772438,3.065003290772438
2022-01-15 13:22:00.119445,413,0.0,3.795389749109745,3.795389749109745
2022-01-15 13:22:00.277092,414,0.0,3.3715970143675804,3.3715970143675804
2022-01-15 13:22:00.433763,415,0.0,3.169680133461952,3.169680133461952
2022-01-15 13:22:00.589471,416,0.0,3.361796408891678,3.361796408891678
2022-01-15 13:22:00.747477,417,0.0,3.2732593193650246,3.2732593193650246
2022-01-15 13:22:00.902565,418,0.0,3.256138361990452,3.256138361990452
2022-01-15 13:22:01.058846,419,0.0,3.1674647480249405,3.1674647480249405
2022-01-15 13:22:01.214618,420,0.0,3.1303635761141777,3.1303635761141777
2022-01-15 13:22:01.371114,421,0.0,3.0379093661904335,3.0379093661904335
2022-01-15 13:22:01.527945,422,0.0,3.1693529412150383,3.1693529412150383
2022-01-15 13:22:01.688286,423,0.0,3.1035264879465103,3.1035264879465103
2022-01-15 13:22:01.847509,424,0.0,3.205845944583416,3.205845944583416
2022-01-15 13:22:02.007424,425,0.0,2.8837623298168182,2.8837623298168182
2022-01-15 13:22:02.164613,426,0.0,3.074221409857273,3.074221409857273
2022-01-15 13:22:02.320241,427,0.0,3.1297767609357834,3.1297767609357834
2022-01-15 13:22:02.477782,428,0.0,3.2746297270059586,3.2746297270059586
2022-01-15 13:22:02.634103,429,0.0,2.948223203420639,2.948223203420639
2022-01-15 13:22:02.791935,430,0.0,2.9736430794000626,2.9736430794000626
2022-01-15 13:22:02.947684,431,0.0,2.994669482111931,2.994669482111931
2022-01-15 13:22:03.104864,432,0.0,3.2807117626070976,3.2807117626070976
2022-01-15 13:22:03.260513,433,0.0,2.97156298160553,2.97156298160553
2022-01-15 13:22:03.416565,434,0.0,3.137109510600567,3.137109510600567
2022-01-15 13:22:03.573163,435,0.0,2.8162842243909836,2.8162842243909836
2022-01-15 13:22:03.731390,436,0.0,2.931980714201927,2.931980714201927
2022-01-15 13:22:03.887912,437,0.0,2.8665056973695755,2.8665056973695755
2022-01-15 13:22:04.044086,438,0.0,3.074048660695553,3.074048660695553
2022-01-15 13:22:04.199689,439,0.0,2.8769616112113,2.8769616112113
2022-01-15 13:22:04.355471,440,0.0,3.037635326385498,3.037635326385498
2022-01-15 13:22:04.511718,441,0.0,3.12752802670002,3.12752802670002
2022-01-15 13:22:04.669047,442,0.0,2.8547370731830597,2.8547370731830597
2022-01-15 13:22:04.825818,443,0.0,2.889316365122795,2.889316365122795
2022-01-15 13:22:04.984752,444,0.0,2.7157273665070534,2.7157273665070534
2022-01-15 13:22:05.141887,445,0.0,2.9279937744140625,2.9279937744140625
2022-01-15 13:22:05.297988,446,0.0,2.983802080154419,2.983802080154419
2022-01-15 13:22:05.454468,447,0.0,3.297453500330448,3.297453500330448
2022-01-15 13:22:05.611522,448,0.0,3.235195316374302,3.235195316374302
2022-01-15 13:22:05.768784,449,0.0,3.0811021476984024,3.0811021476984024
2022-01-15 13:22:05.925803,450,0.0,2.7705462872982025,2.7705462872982025
2022-01-15 13:22:06.083501,451,0.0,2.9439174830913544,2.9439174830913544
2022-01-15 13:22:06.239622,452,0.0,2.859883561730385,2.859883561730385
2022-01-15 13:22:06.395476,453,0.0,2.7620020359754562,2.7620020359754562
2022-01-15 13:22:06.552669,454,0.0,2.5093012750148773,2.5093012750148773
2022-01-15 13:22:06.711248,455,0.0,2.802931122481823,2.802931122481823
2022-01-15 13:22:06.867873,456,0.0,2.812888741493225,2.812888741493225
2022-01-15 13:22:07.024807,457,0.0,2.7707237787544727,2.7707237787544727
2022-01-15 13:22:07.181832,458,0.0,2.951819233596325,2.951819233596325
2022-01-15 13:22:07.337718,459,0.0,2.9192194789648056,2.9192194789648056
2022-01-15 13:22:07.493961,460,0.0,2.766047030687332,2.766047030687332
2022-01-15 13:22:07.650815,461,0.0,2.6958766281604767,2.6958766281604767
2022-01-15 13:22:07.809408,462,0.0,2.649511605501175,2.649511605501175
2022-01-15 13:22:07.967833,463,0.0,2.4424882531166077,2.4424882531166077
2022-01-15 13:22:08.124941,464,0.0,2.8143719136714935,2.8143719136714935
2022-01-15 13:22:08.281009,465,0.0,2.88291896879673,2.88291896879673
2022-01-15 13:22:08.437429,466,0.0,3.0941038131713867,3.0941038131713867
2022-01-15 13:22:08.593424,467,0.0,2.4815147444605827,2.4815147444605827
2022-01-15 13:22:08.752251,468,0.0,2.6828668490052223,2.6828668490052223
2022-01-15 13:22:08.909093,469,0.0,2.8016296848654747,2.8016296848654747
2022-01-15 13:22:09.065161,470,0.0,2.9113306403160095,2.9113306403160095
2022-01-15 13:22:09.220875,471,0.0,3.4909059032797813,3.4909059032797813
2022-01-15 13:22:09.376966,472,0.0,2.863900974392891,2.863900974392891
2022-01-15 13:22:09.532652,473,0.0,2.7114959061145782,2.7114959061145782
2022-01-15 13:22:09.688250,474,0.0,2.9225849136710167,2.9225849136710167
2022-01-15 13:22:09.846668,475,0.0,2.8569216653704643,2.8569216653704643
2022-01-15 13:22:10.004125,476,0.0,2.73083309084177,2.73083309084177
2022-01-15 13:22:10.160393,477,0.0,2.850205585360527,2.850205585360527
2022-01-15 13:22:10.315821,478,0.0,2.7294865995645523,2.7294865995645523
2022-01-15 13:22:10.471461,479,0.0,2.897457681596279,2.897457681596279
2022-01-15 13:22:10.627455,480,0.0,3.1790324300527573,3.1790324300527573
2022-01-15 13:22:10.784747,481,0.0,2.805548280477524,2.805548280477524
2022-01-15 13:22:10.940217,482,0.0,3.06397907435894,3.06397907435894
2022-01-15 13:22:11.096321,483,0.0,2.582401767373085,2.582401767373085
2022-01-15 13:22:11.251458,484,0.0,2.793111577630043,2.793111577630043
2022-01-15 13:22:11.406955,485,0.0,2.719736084342003,2.719736084342003
2022-01-15 13:22:11.562502,486,0.0,2.5605786442756653,2.5605786442756653
2022-01-15 13:22:11.718918,487,0.0,2.7484664246439934,2.7484664246439934
2022-01-15 13:22:11.876688,488,0.0,2.6069998145103455,2.6069998145103455
2022-01-15 13:22:12.034257,489,0.0,2.7149945721030235,2.7149945721030235
2022-01-15 13:22:12.192479,490,0.0,2.565304212272167,2.565304212272167
2022-01-15 13:22:12.349068,491,0.0,2.5134595036506653,2.5134595036506653
2022-01-15 13:22:12.505630,492,0.0,2.525995410978794,2.525995410978794
2022-01-15 13:22:12.663356,493,0.0,2.5654376447200775,2.5654376447200775
2022-01-15 13:22:12.822154,494,0.0,2.63170325756073,2.63170325756073
2022-01-15 13:22:12.978828,495,0.0,2.5796472057700157,2.5796472057700157
2022-01-15 13:22:13.134795,496,0.0,2.6715981513261795,2.6715981513261795
2022-01-15 13:22:13.290501,497,0.0,2.9878665283322334,2.9878665283322334
2022-01-15 13:22:13.446092,498,0.0,2.5986697897315025,2.5986697897315025
2022-01-15 13:22:13.602028,499,0.0,2.507983736693859,2.507983736693859
2022-01-15 13:22:13.758910,500,0.0,2.577171180397272,2.577171180397272
2022-01-15 13:22:13.915681,501,0.0,2.3535620495676994,2.3535620495676994
2022-01-15 13:22:14.071866,502,0.0,2.3218600675463676,2.3218600675463676
2022-01-15 13:22:14.229650,503,0.0,2.2546065896749496,2.2546065896749496
2022-01-15 13:22:14.385926,504,0.0,2.975107818841934,2.975107818841934
2022-01-15 13:22:14.543297,505,0.0,2.633056104183197,2.633056104183197
2022-01-15 13:22:14.700082,506,0.0,2.7337485998868942,2.7337485998868942
2022-01-15 13:22:14.858579,507,0.0,2.6968660429120064,2.6968660429120064
2022-01-15 13:22:15.814274,508,0.0,2.5112427473068237,2.5112427473068237
2022-01-15 13:22:15.972164,509,0.0,2.3289351239800453,2.3289351239800453
2022-01-15 13:22:16.129868,510,0.0,2.4944801330566406,2.4944801330566406
2022-01-15 13:22:16.287660,511,0.0,2.696364477276802,2.696364477276802
2022-01-15 13:22:16.444882,512,0.0,2.3159159496426582,2.3159159496426582
2022-01-15 13:22:16.602311,513,0.0,2.321713797748089,2.321713797748089
2022-01-15 13:22:16.762072,514,0.0,2.5029824301600456,2.5029824301600456
2022-01-15 13:22:16.918920,515,0.0,2.5506223142147064,2.5506223142147064
2022-01-15 13:22:17.077197,516,0.0,2.384938567876816,2.384938567876816
2022-01-15 13:22:17.234366,517,0.0,2.4246624298393726,2.4246624298393726
2022-01-15 13:22:17.390455,518,0.0,2.9281718656420708,2.9281718656420708
2022-01-15 13:22:17.547113,519,0.0,2.489379622042179,2.489379622042179
2022-01-15 13:22:17.706178,520,0.0,2.4089262932538986,2.4089262932538986
2022-01-15 13:22:17.863765,521,0.0,2.7472995668649673,2.7472995668649673
2022-01-15 13:22:18.022551,522,0.0,2.195392146706581,2.195392146706581
2022-01-15 13:22:18.179581,523,0.0,2.4700433164834976,2.4700433164834976
2022-01-15 13:22:18.336324,524,0.0,2.554812230169773,2.554812230169773
2022-01-15 13:22:18.492657,525,0.0,2.321746602654457,2.321746602654457
2022-01-15 13:22:18.648737,526,0.0,2.823023408651352,2.823023408651352
2022-01-15 13:22:18.806346,527,0.0,2.4035472199320793,2.4035472199320793
2022-01-15 13:22:18.962601,528,0.0,2.3149736747145653,2.3149736747145653
2022-01-15 13:22:19.119518,529,0.0,2.335123859345913,2.335123859345913
2022-01-15 13:22:19.275704,530,0.0,2.351160231977701,2.351160231977701
2022-01-15 13:22:19.433733,531,0.0,2.051235396414995,2.051235396414995
2022-01-15 13:22:19.589998,532,0.0,2.4796192348003387,2.4796192348003387
2022-01-15 13:22:19.747029,533,0.0,2.975085750222206,2.975085750222206
2022-01-15 13:22:19.904364,534,0.0,3.03884869068861,3.03884869068861
2022-01-15 13:22:20.060896,535,0.0,2.713292822241783,2.713292822241783
2022-01-15 13:22:20.216906,536,0.0,2.296211302280426,2.296211302280426
2022-01-15 13:22:20.372710,537,0.0,2.8197624385356903,2.8197624385356903
2022-01-15 13:22:20.528064,538,0.0,2.4887270629405975,2.4887270629405975
2022-01-15 13:22:20.683470,539,0.0,2.426368348300457,2.426368348300457
2022-01-15 13:22:20.839870,540,0.0,2.68288541585207,2.68288541585207
2022-01-15 13:22:20.996144,541,0.0,2.592227902263403,2.592227902263403
2022-01-15 13:22:21.152395,542,0.0,2.241241157054901,2.241241157054901
2022-01-15 13:22:21.308498,543,0.0,2.372976265847683,2.372976265847683
2022-01-15 13:22:21.464590,544,0.0,2.6814625188708305,2.6814625188708305
2022-01-15 13:22:21.621088,545,0.0,2.4187883473932743,2.4187883473932743
2022-01-15 13:22:21.778454,546,0.0,2.4072094708681107,2.4072094708681107
2022-01-15 13:22:21.936355,547,0.0,2.474437154829502,2.474437154829502
2022-01-15 13:22:22.092951,548,0.0,2.265407532453537,2.265407532453537
2022-01-15 13:22:22.248286,549,0.0,2.641508676111698,2.641508676111698
2022-01-15 13:22:22.403948,550,0.0,2.516932912170887,2.516932912170887
2022-01-15 13:22:22.560073,551,0.0,2.3070959597826004,2.3070959597826004
2022-01-15 13:22:22.718397,552,0.0,3.1861464828252792,3.1861464828252792
2022-01-15 13:22:22.876499,553,0.0,2.7414452210068703,2.7414452210068703
2022-01-15 13:22:23.033002,554,0.0,2.111975409090519,2.111975409090519
2022-01-15 13:22:23.190125,555,0.0,2.2538192979991436,2.2538192979991436
2022-01-15 13:22:23.346070,556,0.0,2.4791074469685555,2.4791074469685555
2022-01-15 13:22:23.502429,557,0.0,2.417737267911434,2.417737267911434
2022-01-15 13:22:23.658440,558,0.0,2.364088535308838,2.364088535308838
2022-01-15 13:22:23.816245,559,0.0,3.128006123006344,3.128006123006344
2022-01-15 13:22:23.973683,560,0.0,2.7173344381153584,2.7173344381153584
2022-01-15 13:22:24.131532,561,0.0,2.161102782934904,2.161102782934904
2022-01-15 13:22:24.287721,562,0.0,2.219229333102703,2.219229333102703
2022-01-15 13:22:24.443385,563,0.0,2.1129215247929096,2.1129215247929096
2022-01-15 13:22:24.599220,564,0.0,2.0787321366369724,2.0787321366369724
2022-01-15 13:22:24.757003,565,0.0,1.8585653752088547,1.8585653752088547
2022-01-15 13:22:24.913892,566,0.0,2.275408521294594,2.275408521294594
2022-01-15 13:22:25.071624,567,0.0,1.9895043931901455,1.9895043931901455
2022-01-15 13:22:25.228428,568,0.0,1.962389312684536,1.962389312684536
2022-01-15 13:22:25.385983,569,0.0,1.7792150638997555,1.7792150638997555
2022-01-15 13:22:25.543635,570,0.0,2.179546419531107,2.179546419531107
2022-01-15 13:22:25.701075,571,0.0,2.2552109621465206,2.2552109621465206
2022-01-15 13:22:25.859027,572,0.0,2.355546075850725,2.355546075850725
2022-01-15 13:22:26.016398,573,0.0,2.327202893793583,2.327202893793583
2022-01-15 13:22:26.173111,574,0.0,2.071003533899784,2.071003533899784
2022-01-15 13:22:26.328985,575,0.0,2.918656177818775,2.918656177818775
2022-01-15 13:22:26.484599,576,0.0,2.9027542024850845,2.9027542024850845
2022-01-15 13:22:26.640894,577,0.0,2.0715274661779404,2.0715274661779404
2022-01-15 13:22:26.796853,578,0.0,1.9819054901599884,1.9819054901599884
2022-01-15 13:22:26.954069,579,0.0,2.307560510933399,2.307560510933399
2022-01-15 13:22:27.112107,580,0.0,2.1839972250163555,2.1839972250163555
2022-01-15 13:22:27.270136,581,0.0,1.9833085611462593,1.9833085611462593
2022-01-15 13:22:27.427729,582,0.0,2.335952751338482,2.335952751338482
2022-01-15 13:22:27.583898,583,0.0,2.5412941724061966,2.5412941724061966
2022-01-15 13:22:27.740798,584,0.0,2.050917834043503,2.050917834043503
2022-01-15 13:22:27.900255,585,0.0,2.148530278354883,2.148530278354883
2022-01-15 13:22:28.058852,586,0.0,2.306634873151779,2.306634873151779
2022-01-15 13:22:28.216849,587,0.0,2.6167406253516674,2.6167406253516674
2022-01-15 13:22:28.374107,588,0.0,1.906598161906004,1.906598161906004
2022-01-15 13:22:28.531053,589,0.0,1.9747759997844696,1.9747759997844696
2022-01-15 13:22:28.687639,590,0.0,2.128662671893835,2.128662671893835
2022-01-15 13:22:28.857945,591,0.0,1.956276886165142,1.956276886165142
2022-01-15 13:22:29.021305,592,0.0,2.327004238963127,2.327004238963127
2022-01-15 13:22:29.178851,593,0.0,2.529528371989727,2.529528371989727
2022-01-15 13:22:29.334010,594,0.0,2.603525746613741,2.603525746613741
2022-01-15 13:22:29.489491,595,0.0,2.0262172147631645,2.0262172147631645
2022-01-15 13:22:29.646257,596,0.0,2.06653044000268,2.06653044000268
2022-01-15 13:22:29.802555,597,0.0,2.3371384888887405,2.3371384888887405
2022-01-15 13:22:29.960009,598,0.0,2.0353567115962505,2.0353567115962505
2022-01-15 13:22:30.116899,599,0.0,1.8804964385926723,1.8804964385926723
2022-01-15 13:22:30.273747,600,0.0,1.8040563389658928,1.8040563389658928
2022-01-15 13:22:30.429938,601,0.0,2.098327834159136,2.098327834159136
2022-01-15 13:22:30.587302,602,0.0,2.3108714669942856,2.3108714669942856
2022-01-15 13:22:30.744109,603,0.0,1.8981274515390396,1.8981274515390396
2022-01-15 13:22:30.902088,604,0.0,2.2185555323958397,2.2185555323958397
2022-01-15 13:22:31.058874,605,0.0,2.045241065323353,2.045241065323353
2022-01-15 13:22:31.213966,606,0.0,1.8497501984238625,1.8497501984238625
2022-01-15 13:22:31.369033,607,0.0,2.149743616580963,2.149743616580963
2022-01-15 13:22:31.524257,608,0.0,2.3330130577087402,2.3330130577087402
2022-01-15 13:22:31.681234,609,0.0,1.637319516390562,1.637319516390562
2022-01-15 13:22:31.837739,610,0.0,1.786421850323677,1.786421850323677
2022-01-15 13:22:31.995880,611,0.0,2.060101393610239,2.060101393610239
2022-01-15 13:22:32.152465,612,0.0,1.8959808982908726,1.8959808982908726
2022-01-15 13:22:32.308535,613,0.0,1.8627751134335995,1.8627751134335995
2022-01-15 13:22:32.464016,614,0.0,2.3749488331377506,2.3749488331377506
2022-01-15 13:22:32.622839,615,0.0,2.0170843303203583,2.0170843303203583
2022-01-15 13:22:32.780127,616,0.0,2.0241463780403137,2.0241463780403137
2022-01-15 13:22:32.937799,617,0.0,2.2288618087768555,2.2288618087768555
2022-01-15 13:22:33.877631,618,0.0,1.7275343462824821,1.7275343462824821
2022-01-15 13:22:34.035214,619,0.0,1.8038923293352127,1.8038923293352127
2022-01-15 13:22:34.191713,620,0.0,1.9144230112433434,1.9144230112433434
2022-01-15 13:22:34.347910,621,0.0,2.007491622120142,2.007491622120142
2022-01-15 13:22:34.504054,622,0.0,2.2623596750199795,2.2623596750199795
2022-01-15 13:22:34.660196,623,0.0,2.3406854830682278,2.3406854830682278
2022-01-15 13:22:34.816542,624,0.0,2.1225056163966656,2.1225056163966656
2022-01-15 13:22:34.975800,625,0.0,2.82969368994236,2.82969368994236
2022-01-15 13:22:35.133203,626,0.0,2.3687534034252167,2.3687534034252167
2022-01-15 13:22:35.289546,627,0.0,1.7138189673423767,1.7138189673423767
2022-01-15 13:22:35.445837,628,0.0,1.8000865653157234,1.8000865653157234
2022-01-15 13:22:35.601804,629,0.0,2.4220023825764656,2.4220023825764656
2022-01-15 13:22:35.757661,630,0.0,2.579471915960312,2.579471915960312
2022-01-15 13:22:35.914700,631,0.0,1.9127390272915363,1.9127390272915363
2022-01-15 13:22:36.070442,632,0.0,2.307292204350233,2.307292204350233
2022-01-15 13:22:36.226324,633,0.0,1.9527555964887142,1.9527555964887142
2022-01-15 13:22:36.381930,634,0.0,1.914962325245142,1.914962325245142
2022-01-15 13:22:36.537375,635,0.0,2.0927225686609745,2.0927225686609745
2022-01-15 13:22:36.693656,636,0.0,2.3311380930244923,2.3311380930244923
2022-01-15 13:22:36.849547,637,0.0,2.449522726237774,2.449522726237774
2022-01-15 13:22:37.009617,638,0.0,2.4981569424271584,2.4981569424271584
2022-01-15 13:22:37.165511,639,0.0,1.8537847101688385,1.8537847101688385
2022-01-15 13:22:37.320969,640,0.0,1.9168652258813381,1.9168652258813381
2022-01-15 13:22:37.477981,641,0.0,2.098229978233576,2.098229978233576
2022-01-15 13:22:37.634736,642,0.0,2.598327226936817,2.598327226936817
2022-01-15 13:22:37.791042,643,0.0,2.1849215254187584,2.1849215254187584
2022-01-15 13:22:37.947193,644,0.0,1.9253026023507118,1.9253026023507118
2022-01-15 13:22:38.105882,645,0.0,1.9344452060759068,1.9344452060759068
2022-01-15 13:22:38.262381,646,0.0,1.9093463867902756,1.9093463867902756
2022-01-15 13:22:38.419720,647,0.0,1.9378968738019466,1.9378968738019466
2022-01-15 13:22:38.576406,648,0.0,1.827309314161539,1.827309314161539
2022-01-15 13:22:38.732849,649,0.0,1.8939711824059486,1.8939711824059486
2022-01-15 13:22:38.889310,650,0.0,1.6493676900863647,1.6493676900863647
2022-01-15 13:22:39.045869,651,0.0,2.0816784761846066,2.0816784761846066
2022-01-15 13:22:39.201464,652,0.0,1.8865289390087128,1.8865289390087128
2022-01-15 13:22:39.356923,653,0.0,2.2039037607610226,2.2039037607610226
2022-01-15 13:22:39.512532,654,0.0,1.9531416594982147,1.9531416594982147
2022-01-15 13:22:39.668585,655,0.0,2.240437287837267,2.240437287837267
2022-01-15 13:22:39.826552,656,0.0,2.030436936765909,2.030436936765909
2022-01-15 13:22:39.986217,657,0.0,2.099584326148033,2.099584326148033
2022-01-15 13:22:40.144040,658,0.0,2.026574593037367,2.026574593037367
2022-01-15 13:22:40.303248,659,0.0,2.133557826280594,2.133557826280594
2022-01-15 13:22:40.460872,660,0.0,1.6116762422025204,1.6116762422025204
2022-01-15 13:22:40.618258,661,0.0,1.9870852455496788,1.9870852455496788
2022-01-15 13:22:40.774584,662,0.0,1.625751618295908,1.625751618295908
2022-01-15 13:22:40.931147,663,0.0,1.8547462113201618,1.8547462113201618
2022-01-15 13:22:41.088431,664,0.0,1.7517974637448788,1.7517974637448788
2022-01-15 13:22:41.244515,665,0.0,1.8026690967381,1.8026690967381
2022-01-15 13:22:41.399906,666,0.0,1.7644222639501095,1.7644222639501095
2022-01-15 13:22:41.555565,667,0.0,1.9695146791636944,1.9695146791636944
2022-01-15 13:22:41.711426,668,0.0,2.101184695959091,2.101184695959091
2022-01-15 13:22:41.867685,669,0.0,1.8059843592345715,1.8059843592345715
2022-01-15 13:22:42.025992,670,0.0,2.1371519677340984,2.1371519677340984
2022-01-15 13:22:42.182683,671,0.0,2.331244245171547,2.331244245171547
2022-01-15 13:22:42.338645,672,0.0,1.9417394548654556,1.9417394548654556
2022-01-15 13:22:42.494897,673,0.0,1.8992557190358639,1.8992557190358639
2022-01-15 13:22:42.653088,674,0.0,1.7984032966196537,1.7984032966196537
2022-01-15 13:22:42.811602,675,0.0,1.5356104709208012,1.5356104709208012
2022-01-15 13:22:42.971584,676,0.0,1.7666160985827446,1.7666160985827446
2022-01-15 13:22:43.127628,677,0.0,1.7839896939694881,1.7839896939694881
2022-01-15 13:22:43.284094,678,0.0,1.8822114169597626,1.8822114169597626
2022-01-15 13:22:43.441296,679,0.0,1.4549256674945354,1.4549256674945354
2022-01-15 13:22:43.597452,680,0.0,1.7318338938057423,1.7318338938057423
2022-01-15 13:22:43.754556,681,0.0,1.724572379142046,1.724572379142046
2022-01-15 13:22:43.912235,682,0.0,1.4492165371775627,1.4492165371775627
2022-01-15 13:22:44.069798,683,0.0,1.865808505564928,1.865808505564928
2022-01-15 13:22:44.225275,684,0.0,2.3921192288398743,2.3921192288398743
2022-01-15 13:22:44.381566,685,0.0,1.8311074115335941,1.8311074115335941
2022-01-15 13:22:44.538352,686,0.0,1.7565426044166088,1.7565426044166088
2022-01-15 13:22:44.694697,687,0.0,1.8997226692736149,1.8997226692736149
2022-01-15 13:22:44.851209,688,0.0,1.6982047632336617,1.6982047632336617
2022-01-15 13:22:45.011711,689,0.0,2.171164494007826,2.171164494007826
2022-01-15 13:22:45.168485,690,0.0,2.2814920470118523,2.2814920470118523
2022-01-15 13:22:45.324967,691,0.0,2.0970767810940742,2.0970767810940742
2022-01-15 13:22:45.481363,692,0.0,1.6895802021026611,1.6895802021026611
2022-01-15 13:22:45.636880,693,0.0,2.162659239023924,2.162659239023924
2022-01-15 13:22:45.792493,694,0.0,1.5365474112331867,1.5365474112331867
2022-01-15 13:22:45.947829,695,0.0,2.1516091860830784,2.1516091860830784
2022-01-15 13:22:46.104847,696,0.0,2.26955658942461,2.26955658942461
2022-01-15 13:22:46.260171,697,0.0,1.863981630653143,1.863981630653143
2022-01-15 13:22:46.416048,698,0.0,2.0878763124346733,2.0878763124346733
2022-01-15 13:22:46.573078,699,0.0,1.7034388966858387,1.7034388966858387
2022-01-15 13:22:46.729719,700,0.0,1.5917723141610622,1.5917723141610622
2022-01-15 13:22:46.887550,701,0.0,1.8255204446613789,1.8255204446613789
2022-01-15 13:22:47.045523,702,0.0,1.5840823985636234,1.5840823985636234
2022-01-15 13:22:47.202870,703,0.0,1.6440709792077541,1.6440709792077541
2022-01-15 13:22:47.359868,704,0.0,1.774427093565464,1.774427093565464
2022-01-15 13:22:47.516051,705,0.0,1.9620223604142666,1.9620223604142666
2022-01-15 13:22:47.673696,706,0.0,1.6919202245771885,1.6919202245771885
2022-01-15 13:22:47.832772,707,0.0,1.3335884027183056,1.3335884027183056
2022-01-15 13:22:47.990552,708,0.0,1.5360315889120102,1.5360315889120102
2022-01-15 13:22:48.146486,709,0.0,1.5749970264732838,1.5749970264732838
2022-01-15 13:22:48.302924,710,0.0,1.7461529299616814,1.7461529299616814
2022-01-15 13:22:48.459432,711,0.0,1.7239851094782352,1.7239851094782352
2022-01-15 13:22:48.615554,712,0.0,1.9327445812523365,1.9327445812523365
2022-01-15 13:22:48.771051,713,0.0,1.9184380434453487,1.9184380434453487
2022-01-15 13:22:48.928954,714,0.0,2.247544337064028,2.247544337064028
2022-01-15 13:22:49.088120,715,0.0,1.644195705652237,1.644195705652237
2022-01-15 13:22:49.244401,716,0.0,1.7277607396245003,1.7277607396245003
2022-01-15 13:22:49.400651,717,0.0,1.4013475850224495,1.4013475850224495
2022-01-15 13:22:49.556236,718,0.0,1.8698534704744816,1.8698534704744816
2022-01-15 13:22:49.712301,719,0.0,1.6390346549451351,1.6390346549451351
2022-01-15 13:22:49.868915,720,0.0,1.8596924394369125,1.8596924394369125
2022-01-15 13:22:50.028686,721,0.0,1.6224540434777737,1.6224540434777737
2022-01-15 13:22:50.184922,722,0.0,1.7195916809141636,1.7195916809141636
2022-01-15 13:22:50.340852,723,0.0,2.2927979454398155,2.2927979454398155
2022-01-15 13:22:50.497504,724,0.0,1.356062499806285,1.356062499806285
2022-01-15 13:22:50.654291,725,0.0,1.5495516993105412,1.5495516993105412
2022-01-15 13:22:50.810460,726,0.0,1.849492534995079,1.849492534995079
2022-01-15 13:22:50.966634,727,0.0,1.771583653986454,1.771583653986454
2022-01-15 13:22:51.124617,728,0.0,1.6529953368008137,1.6529953368008137
2022-01-15 13:22:51.280337,729,0.0,2.2334990054368973,2.2334990054368973
2022-01-15 13:22:51.436008,730,0.0,1.7074388787150383,1.7074388787150383
2022-01-15 13:22:51.591930,731,0.0,1.8397247567772865,1.8397247567772865
2022-01-15 13:22:51.748135,732,0.0,1.6909728832542896,1.6909728832542896
2022-01-15 13:22:51.903876,733,0.0,2.4798518382012844,2.4798518382012844
2022-01-15 13:22:52.062454,734,0.0,1.8464297838509083,1.8464297838509083
2022-01-15 13:22:52.217696,735,0.0,2.0416231714189053,2.0416231714189053
2022-01-15 13:22:52.372735,736,0.0,2.033945243805647,2.033945243805647
2022-01-15 13:22:52.528319,737,0.0,2.1733003444969654,2.1733003444969654
2022-01-15 13:22:52.685220,738,0.0,1.3951873257756233,1.3951873257756233
2022-01-15 13:22:52.843566,739,0.0,1.8739987798035145,1.8739987798035145
2022-01-15 13:22:53.000670,740,0.0,2.2357664853334427,2.2357664853334427
2022-01-15 13:22:53.159419,741,0.0,1.5093459822237492,1.5093459822237492
2022-01-15 13:22:53.315294,742,0.0,1.6801367793232203,1.6801367793232203
2022-01-15 13:22:53.470713,743,0.0,1.5727865509688854,1.5727865509688854
2022-01-15 13:22:53.626183,744,0.0,1.724050436168909,1.724050436168909
2022-01-15 13:22:53.782695,745,0.0,1.6593358144164085,1.6593358144164085
2022-01-15 13:22:53.938989,746,0.0,1.8377243429422379,1.8377243429422379
2022-01-15 13:22:54.098849,747,0.0,1.6075465306639671,1.6075465306639671
2022-01-15 13:22:54.255264,748,0.0,1.555469386279583,1.555469386279583
2022-01-15 13:22:54.411029,749,0.0,1.8915900774300098,1.8915900774300098
2022-01-15 13:22:54.567609,750,0.0,1.6460240706801414,1.6460240706801414
2022-01-15 13:22:54.724154,751,0.0,1.4480376578867435,1.4480376578867435
2022-01-15 13:22:54.880719,752,0.0,1.7233261615037918,1.7233261615037918
2022-01-15 13:22:55.040746,753,0.0,1.8842824287712574,1.8842824287712574
2022-01-15 13:22:55.198061,754,0.0,1.5725453458726406,1.5725453458726406
2022-01-15 13:22:55.355895,755,0.0,1.743044938892126,1.743044938892126
2022-01-15 13:22:55.513195,756,0.0,1.536443680524826,1.536443680524826
2022-01-15 13:22:55.669468,757,0.0,1.9896995574235916,1.9896995574235916
2022-01-15 13:22:55.826851,758,0.0,2.0200168192386627,2.0200168192386627
2022-01-15 13:22:55.984434,759,0.0,1.926731564104557,1.926731564104557
2022-01-15 13:22:56.142327,760,0.0,1.5963281877338886,1.5963281877338886
2022-01-15 13:22:56.297734,761,0.0,1.479066640138626,1.479066640138626
2022-01-15 13:22:56.454299,762,0.0,1.593010675162077,1.593010675162077
2022-01-15 13:22:56.611153,763,0.0,1.7498576641082764,1.7498576641082764
2022-01-15 13:22:56.768352,764,0.0,2.5316009409725666,2.5316009409725666
2022-01-15 13:22:56.924583,765,0.0,1.9955795630812645,1.9955795630812645
2022-01-15 13:22:57.083935,766,0.0,2.0578472316265106,2.0578472316265106
2022-01-15 13:22:57.240434,767,0.0,1.7516792751848698,1.7516792751848698
2022-01-15 13:22:57.396405,768,0.0,1.558741968125105,1.558741968125105
2022-01-15 13:22:57.552577,769,0.0,1.4733191281557083,1.4733191281557083
2022-01-15 13:22:57.709783,770,0.0,1.999159000813961,1.999159000813961
2022-01-15 13:22:57.866196,771,0.0,1.9978792779147625,1.9978792779147625
2022-01-15 13:22:58.022745,772,0.0,1.8306906670331955,1.8306906670331955
2022-01-15 13:22:58.180338,773,0.0,1.7202380504459143,1.7202380504459143
2022-01-15 13:22:58.335943,774,0.0,1.9328614696860313,1.9328614696860313
2022-01-15 13:22:58.491307,775,0.0,1.5804991498589516,1.5804991498589516
2022-01-15 13:22:58.647995,776,0.0,1.6340769790112972,1.6340769790112972
2022-01-15 13:22:58.805649,777,0.0,1.55839491635561,1.55839491635561
2022-01-15 13:22:58.962555,778,0.0,1.4095425438135862,1.4095425438135862
2022-01-15 13:22:59.123753,779,0.0,1.639114048331976,1.639114048331976
2022-01-15 13:22:59.279836,780,0.0,1.447997935116291,1.447997935116291
2022-01-15 13:22:59.435710,781,0.0,1.8463357202708721,1.8463357202708721
2022-01-15 13:22:59.591962,782,0.0,2.1614546813070774,2.1614546813070774
2022-01-15 13:22:59.747919,783,0.0,1.8322698511183262,1.8322698511183262
2022-01-15 13:22:59.904270,784,0.0,2.48381819203496,2.48381819203496
2022-01-15 13:23:00.060775,785,0.0,1.658173955976963,1.658173955976963
2022-01-15 13:23:00.217095,786,0.0,1.7200431115925312,1.7200431115925312
2022-01-15 13:23:00.373071,787,0.0,2.038046346977353,2.038046346977353
2022-01-15 13:23:00.529718,788,0.0,1.7221587784588337,1.7221587784588337
2022-01-15 13:23:00.687310,789,0.0,1.1903021484613419,1.1903021484613419
2022-01-15 13:23:00.844064,790,0.0,1.3421042263507843,1.3421042263507843
2022-01-15 13:23:01.000306,791,0.0,1.4931583851575851,1.4931583851575851
2022-01-15 13:23:01.158034,792,0.0,1.3026240430772305,1.3026240430772305
2022-01-15 13:23:01.314964,793,0.0,1.4378824308514595,1.4378824308514595
2022-01-15 13:23:01.471409,794,0.0,1.8050847686827183,1.8050847686827183
2022-01-15 13:23:01.628383,795,0.0,1.673001080751419,1.673001080751419
2022-01-15 13:23:01.786057,796,0.0,1.9220893271267414,1.9220893271267414
2022-01-15 13:23:01.944457,797,0.0,2.084023017436266,2.084023017436266
2022-01-15 13:23:02.103965,798,0.0,1.4949856251478195,1.4949856251478195
2022-01-15 13:23:02.260646,799,0.0,1.625455942004919,1.625455942004919
2022-01-15 13:23:02.416515,800,0.0,2.11928528919816,2.11928528919816
2022-01-15 13:23:02.572537,801,0.0,1.6857791729271412,1.6857791729271412
2022-01-15 13:23:02.730001,802,0.0,1.694862024858594,1.694862024858594
2022-01-15 13:23:02.888722,803,0.0,1.8391196206212044,1.8391196206212044
2022-01-15 13:23:03.046986,804,0.0,1.6025998406112194,1.6025998406112194
2022-01-15 13:23:03.205069,805,0.0,1.4192234259098768,1.4192234259098768
2022-01-15 13:23:03.361132,806,0.0,1.392175704240799,1.392175704240799
2022-01-15 13:23:03.517127,807,0.0,2.0579609274864197,2.0579609274864197
2022-01-15 13:23:03.672889,808,0.0,1.7016218602657318,1.7016218602657318
2022-01-15 13:23:03.829254,809,0.0,1.9111183173954487,1.9111183173954487
2022-01-15 13:23:03.986572,810,0.0,1.4667494557797909,1.4667494557797909
2022-01-15 13:23:04.143911,811,0.0,1.4784987829625607,1.4784987829625607
2022-01-15 13:23:04.301060,812,0.0,1.3328685238957405,1.3328685238957405
2022-01-15 13:23:04.456860,813,0.0,1.8027001488953829,1.8027001488953829
2022-01-15 13:23:04.612763,814,0.0,2.0677236318588257,2.0677236318588257
2022-01-15 13:23:04.769662,815,0.0,1.6134650856256485,1.6134650856256485
2022-01-15 13:23:05.728865,816,0.0,1.3348015323281288,1.3348015323281288
2022-01-15 13:23:05.885865,817,0.0,2.0572864525020123,2.0572864525020123
2022-01-15 13:23:06.043334,818,0.0,1.4098319374024868,1.4098319374024868
2022-01-15 13:23:06.201112,819,0.0,1.404876995831728,1.404876995831728
2022-01-15 13:23:06.358441,820,0.0,1.4677851311862469,1.4677851311862469
2022-01-15 13:23:06.516405,821,0.0,1.6112956199795008,1.6112956199795008
2022-01-15 13:23:06.673908,822,0.0,1.8998571205884218,1.8998571205884218
2022-01-15 13:23:06.831170,823,0.0,1.7801734246313572,1.7801734246313572
2022-01-15 13:23:06.987866,824,0.0,1.7014170736074448,1.7014170736074448
2022-01-15 13:23:07.145701,825,0.0,1.574106115847826,1.574106115847826
2022-01-15 13:23:07.301933,826,0.0,1.318739891052246,1.318739891052246
2022-01-15 13:23:07.457559,827,0.0,1.860095091164112,1.860095091164112
2022-01-15 13:23:07.614189,828,0.0,1.8916873782873154,1.8916873782873154
2022-01-15 13:23:07.771279,829,0.0,1.3957537561655045,1.3957537561655045
2022-01-15 13:23:07.928332,830,0.0,1.9405697137117386,1.9405697137117386
2022-01-15 13:23:08.085135,831,0.0,1.739643519744277,1.739643519744277
2022-01-15 13:23:08.244875,832,0.0,1.8687703907489777,1.8687703907489777
2022-01-15 13:23:08.401443,833,0.0,1.7129797153174877,1.7129797153174877
2022-01-15 13:23:08.558228,834,0.0,1.5041307173669338,1.5041307173669338
2022-01-15 13:23:08.714282,835,0.0,1.4304315261542797,1.4304315261542797
2022-01-15 13:23:08.871122,836,0.0,1.5302353464066982,1.5302353464066982
2022-01-15 13:23:09.028510,837,0.0,2.077253906056285,2.077253906056285
2022-01-15 13:23:09.186502,838,0.0,1.7022316418588161,1.7022316418588161
2022-01-15 13:23:09.342380,839,0.0,1.3558130152523518,1.3558130152523518
2022-01-15 13:23:09.498669,840,0.0,1.5292365159839392,1.5292365159839392
2022-01-15 13:23:09.654546,841,0.0,1.812968097627163,1.812968097627163
2022-01-15 13:23:09.812810,842,0.0,1.8119528256356716,1.8119528256356716
2022-01-15 13:23:09.971312,843,0.0,1.676251707598567,1.676251707598567
2022-01-15 13:23:10.127524,844,0.0,2.4115351997315884,2.4115351997315884
2022-01-15 13:23:10.284519,845,0.0,2.2742659226059914,2.2742659226059914
2022-01-15 13:23:10.440738,846,0.0,1.3816484734416008,1.3816484734416008
2022-01-15 13:23:10.596792,847,0.0,1.8693776354193687,1.8693776354193687
2022-01-15 13:23:10.752749,848,0.0,1.5949977450072765,1.5949977450072765
2022-01-15 13:23:10.909268,849,0.0,1.5748613886535168,1.5748613886535168
2022-01-15 13:23:11.065722,850,0.0,1.687591701745987,1.687591701745987
2022-01-15 13:23:11.222941,851,0.0,1.645820189267397,1.645820189267397
2022-01-15 13:23:11.379456,852,0.0,2.036040924489498,2.036040924489498
2022-01-15 13:23:11.536150,853,0.0,1.6113350801169872,1.6113350801169872
2022-01-15 13:23:11.693573,854,0.0,1.4501700028777122,1.4501700028777122
2022-01-15 13:23:11.851455,855,0.0,1.8324790131300688,1.8324790131300688
2022-01-15 13:23:12.008645,856,0.0,1.735377561300993,1.735377561300993
2022-01-15 13:23:12.167393,857,0.0,1.5812124907970428,1.5812124907970428
2022-01-15 13:23:12.324283,858,0.0,1.3479309063404799,1.3479309063404799
2022-01-15 13:23:12.480175,859,0.0,1.2335260715335608,1.2335260715335608
2022-01-15 13:23:12.638619,860,0.0,1.8075508698821068,1.8075508698821068
2022-01-15 13:23:12.797453,861,0.0,1.4265599623322487,1.4265599623322487
2022-01-15 13:23:12.956623,862,0.0,1.47854008898139,1.47854008898139
2022-01-15 13:23:13.116076,863,0.0,1.9228918701410294,1.9228918701410294
2022-01-15 13:23:13.274698,864,0.0,1.473482796922326,1.473482796922326
2022-01-15 13:23:13.431316,865,0.0,1.543201845139265,1.543201845139265
2022-01-15 13:23:13.587536,866,0.0,1.7922691144049168,1.7922691144049168
2022-01-15 13:23:13.743798,867,0.0,1.4462133161723614,1.4462133161723614
2022-01-15 13:23:13.901530,868,0.0,1.1658070422708988,1.1658070422708988
2022-01-15 13:23:14.058233,869,0.0,1.2856300007551908,1.2856300007551908
2022-01-15 13:23:14.215185,870,0.0,2.168952504172921,2.168952504172921
2022-01-15 13:23:14.371310,871,0.0,1.402432706207037,1.402432706207037
2022-01-15 13:23:14.527430,872,0.0,2.360403709113598,2.360403709113598
2022-01-15 13:23:14.683218,873,0.0,2.656898368149996,2.656898368149996
2022-01-15 13:23:14.838869,874,0.0,1.5124366991221905,1.5124366991221905
2022-01-15 13:23:14.996420,875,0.0,1.5867593698203564,1.5867593698203564
2022-01-15 13:23:15.152667,876,0.0,1.4353660568594933,1.4353660568594933
2022-01-15 13:23:15.311717,877,0.0,1.7692342698574066,1.7692342698574066
2022-01-15 13:23:15.469130,878,0.0,2.0202847495675087,2.0202847495675087
2022-01-15 13:23:15.626057,879,0.0,2.2189274057745934,2.2189274057745934
2022-01-15 13:23:15.781728,880,0.0,1.9108053259551525,1.9108053259551525
2022-01-15 13:23:15.937497,881,0.0,1.3455397952347994,1.3455397952347994
2022-01-15 13:23:16.094214,882,0.0,1.6018750928342342,1.6018750928342342
2022-01-15 13:23:16.252041,883,0.0,1.5926241241395473,1.5926241241395473
2022-01-15 13:23:16.408639,884,0.0,1.6105010937899351,1.6105010937899351
2022-01-15 13:23:16.565942,885,0.0,1.8231776282191277,1.8231776282191277
2022-01-15 13:23:16.724552,886,0.0,1.4428207948803902,1.4428207948803902
2022-01-15 13:23:16.883589,887,0.0,1.6457075402140617,1.6457075402140617
2022-01-15 13:23:17.041926,888,0.0,1.9061777330935001,1.9061777330935001
2022-01-15 13:23:17.199858,889,0.0,1.636895541101694,1.636895541101694
2022-01-15 13:23:17.356991,890,0.0,1.2290868014097214,1.2290868014097214
2022-01-15 13:23:17.513443,891,0.0,1.728322334587574,1.728322334587574
2022-01-15 13:23:17.673153,892,0.0,1.424585284665227,1.424585284665227
2022-01-15 13:23:17.831079,893,0.0,1.282592236995697,1.282592236995697
2022-01-15 13:23:17.988738,894,0.0,1.505000028759241,1.505000028759241
2022-01-15 13:23:18.144382,895,0.0,1.182322783395648,1.182322783395648
2022-01-15 13:23:18.302124,896,0.0,1.628979492932558,1.628979492932558
2022-01-15 13:23:18.459140,897,0.0,1.6343835927546024,1.6343835927546024
2022-01-15 13:23:18.615685,898,0.0,1.4814553707838058,1.4814553707838058
2022-01-15 13:23:18.772054,899,0.0,1.5094171538949013,1.5094171538949013
2022-01-15 13:23:18.929641,900,0.0,1.511264169588685,1.511264169588685
2022-01-15 13:23:19.087165,901,0.0,1.8413702957332134,1.8413702957332134
2022-01-15 13:23:19.245663,902,0.0,1.189308788627386,1.189308788627386
2022-01-15 13:23:19.401575,903,0.0,1.8854733034968376,1.8854733034968376
2022-01-15 13:23:19.556985,904,0.0,1.3270909152925014,1.3270909152925014
2022-01-15 13:23:19.713967,905,0.0,1.151526015251875,1.151526015251875
2022-01-15 13:23:19.869843,906,0.0,1.5542667470872402,1.5542667470872402
2022-01-15 13:23:20.027260,907,0.0,1.4154500365257263,1.4154500365257263
2022-01-15 13:23:20.183811,908,0.0,1.954132318496704,1.954132318496704
2022-01-15 13:23:20.342981,909,0.0,1.5643723644316196,1.5643723644316196
2022-01-15 13:23:20.500980,910,0.0,1.090482622385025,1.090482622385025
2022-01-15 13:23:20.657019,911,0.0,1.5544880665838718,1.5544880665838718
2022-01-15 13:23:20.813308,912,0.0,1.3827751763164997,1.3827751763164997
2022-01-15 13:23:20.969757,913,0.0,1.7107621021568775,1.7107621021568775
2022-01-15 13:23:21.126845,914,0.0,1.621248034760356,1.621248034760356
2022-01-15 13:23:21.285117,915,0.0,1.4966959469020367,1.4966959469020367
2022-01-15 13:23:21.441295,916,0.0,1.9495310485363007,1.9495310485363007
2022-01-15 13:23:21.597407,917,0.0,1.4788173325359821,1.4788173325359821
2022-01-15 13:23:21.753055,918,0.0,1.8804346956312656,1.8804346956312656
2022-01-15 13:23:21.910077,919,0.0,1.470488514751196,1.470488514751196
2022-01-15 13:23:22.065592,920,0.0,1.2669116351753473,1.2669116351753473
2022-01-15 13:23:22.222618,921,0.0,1.57279497012496,1.57279497012496
2022-01-15 13:23:22.382212,922,0.0,1.7973134201020002,1.7973134201020002
2022-01-15 13:23:22.538064,923,0.0,1.2770770844072104,1.2770770844072104
2022-01-15 13:23:22.695025,924,0.0,1.5923855490982533,1.5923855490982533
2022-01-15 13:23:22.851191,925,0.0,1.2947675753384829,1.2947675753384829
2022-01-15 13:23:23.805791,926,0.0,1.492617391049862,1.492617391049862
2022-01-15 13:23:23.963223,927,0.0,1.5718038603663445,1.5718038603663445
2022-01-15 13:23:24.119858,928,0.0,1.7408839538693428,1.7408839538693428
2022-01-15 13:23:24.277930,929,0.0,1.6704619601368904,1.6704619601368904
2022-01-15 13:23:24.434605,930,0.0,1.7423249781131744,1.7423249781131744
2022-01-15 13:23:24.590281,931,0.0,1.8209344036877155,1.8209344036877155
2022-01-15 13:23:24.745696,932,0.0,2.1655285879969597,2.1655285879969597
2022-01-15 13:23:24.902994,933,0.0,1.1679254416376352,1.1679254416376352
2022-01-15 13:23:25.061283,934,0.0,1.6028829254209995,1.6028829254209995
2022-01-15 13:23:25.219143,935,0.0,1.759546510875225,1.759546510875225
2022-01-15 13:23:25.377741,936,0.0,1.1664785612374544,1.1664785612374544
2022-01-15 13:23:25.534009,937,0.0,1.6546481233090162,1.6546481233090162
2022-01-15 13:23:25.689565,938,0.0,1.6065982468426228,1.6065982468426228
2022-01-15 13:23:25.845039,939,0.0,1.5614014267921448,1.5614014267921448
2022-01-15 13:23:26.001613,940,0.0,1.7160394228994846,1.7160394228994846
2022-01-15 13:23:26.157947,941,0.0,2.190369039773941,2.190369039773941
2022-01-15 13:23:26.315524,942,0.0,1.3451499994844198,1.3451499994844198
2022-01-15 13:23:26.470714,943,0.0,1.3078554850071669,1.3078554850071669
2022-01-15 13:23:26.626806,944,0.0,1.2928286790847778,1.2928286790847778
2022-01-15 13:23:26.782494,945,0.0,1.287349309772253,1.287349309772253
2022-01-15 13:23:26.938348,946,0.0,1.1960948836058378,1.1960948836058378
2022-01-15 13:23:27.095766,947,0.0,1.6491280402988195,1.6491280402988195
2022-01-15 13:23:27.251167,948,0.0,1.2613036017864943,1.2613036017864943
2022-01-15 13:23:27.409943,949,0.0,1.7075235694646835,1.7075235694646835
2022-01-15 13:23:27.566019,950,0.0,1.7611166834831238,1.7611166834831238
2022-01-15 13:23:27.724428,951,0.0,2.115982562303543,2.115982562303543
2022-01-15 13:23:27.881706,952,0.0,1.4793958272784948,1.4793958272784948
2022-01-15 13:23:28.039401,953,0.0,1.4709740299731493,1.4709740299731493
2022-01-15 13:23:28.195762,954,0.0,1.7867675330489874,1.7867675330489874
2022-01-15 13:23:28.354904,955,0.0,2.6093284599483013,2.6093284599483013
2022-01-15 13:23:28.512126,956,0.0,2.290521865710616,2.290521865710616
2022-01-15 13:23:28.669108,957,0.0,1.7031279653310776,1.7031279653310776
2022-01-15 13:23:28.841662,958,0.0,2.1589435152709484,2.1589435152709484
2022-01-15 13:23:29.009135,959,0.0,1.8032616637647152,1.8032616637647152
2022-01-15 13:23:29.165965,960,0.0,1.358379054814577,1.358379054814577
2022-01-15 13:23:29.323393,961,0.0,1.5603750366717577,1.5603750366717577
2022-01-15 13:23:29.479965,962,0.0,1.8053941130638123,1.8053941130638123
2022-01-15 13:23:29.636281,963,0.0,1.2702258136123419,1.2702258136123419
2022-01-15 13:23:29.793003,964,0.0,1.9862919710576534,1.9862919710576534
2022-01-15 13:23:29.948994,965,0.0,1.9905696026980877,1.9905696026980877
2022-01-15 13:23:30.105334,966,0.0,1.5973758772015572,1.5973758772015572
2022-01-15 13:23:30.260570,967,0.0,1.5609905365854502,1.5609905365854502
2022-01-15 13:23:30.417600,968,0.0,1.3467237278819084,1.3467237278819084
2022-01-15 13:23:30.573793,969,0.0,1.433958364650607,1.433958364650607
2022-01-15 13:23:30.730296,970,0.0,1.232346823439002,1.232346823439002
2022-01-15 13:23:30.886709,971,0.0,1.3640802670270205,1.3640802670270205
2022-01-15 13:23:31.043207,972,0.0,1.4878910407423973,1.4878910407423973
2022-01-15 13:23:31.199930,973,0.0,1.827945537865162,1.827945537865162
2022-01-15 13:23:31.358555,974,0.0,1.533652387559414,1.533652387559414
2022-01-15 13:23:31.514207,975,0.0,1.283779501914978,1.283779501914978
2022-01-15 13:23:31.669451,976,0.0,1.5355738624930382,1.5355738624930382
2022-01-15 13:23:31.825828,977,0.0,1.5977954547852278,1.5977954547852278
2022-01-15 13:23:31.981856,978,0.0,1.916305623948574,1.916305623948574
2022-01-15 13:23:32.137380,979,0.0,1.9896710142493248,1.9896710142493248
2022-01-15 13:23:32.293614,980,0.0,1.6762307323515415,1.6762307323515415
2022-01-15 13:23:32.451969,981,0.0,1.398489285260439,1.398489285260439
2022-01-15 13:23:32.608784,982,0.0,1.1282361513003707,1.1282361513003707
2022-01-15 13:23:32.766429,983,0.0,1.2916525974869728,1.2916525974869728
2022-01-15 13:23:32.924339,984,0.0,1.7823474034667015,1.7823474034667015
2022-01-15 13:23:33.081397,985,0.0,1.5088227279484272,1.5088227279484272
2022-01-15 13:23:33.238218,986,0.0,1.6950150709599257,1.6950150709599257
2022-01-15 13:23:33.396899,987,0.0,1.2203174941241741,1.2203174941241741
2022-01-15 13:23:33.553208,988,0.0,1.3768109753727913,1.3768109753727913
2022-01-15 13:23:33.709669,989,0.0,1.1219240333884954,1.1219240333884954
2022-01-15 13:23:33.867110,990,0.0,1.7943445332348347,1.7943445332348347
2022-01-15 13:23:34.024495,991,0.0,1.336417768150568,1.336417768150568
2022-01-15 13:23:34.180256,992,0.0,1.1094050463289022,1.1094050463289022
2022-01-15 13:23:34.338361,993,0.0,1.5760742668062449,1.5760742668062449
2022-01-15 13:23:34.494809,994,0.0,1.47328189201653,1.47328189201653
2022-01-15 13:23:34.651117,995,0.0,1.5036068800836802,1.5036068800836802
2022-01-15 13:23:34.808047,996,0.0,2.2372500617057085,2.2372500617057085
2022-01-15 13:23:34.965342,997,0.0,2.0093099027872086,2.0093099027872086
2022-01-15 13:23:35.123131,998,0.0,1.3602580390870571,1.3602580390870571
2022-01-15 13:23:35.280951,999,0.0,0.9779552072286606,0.9779552072286606
2022-01-15 13:23:35.440353,1000,0.0,2.1291950419545174,2.1291950419545174
2022-01-15 13:23:35.597430,1001,0.0,2.378408547490835,2.378408547490835
2022-01-15 13:23:35.753853,1002,0.0,1.5549393482506275,1.5549393482506275
2022-01-15 13:23:35.911093,1003,0.0,1.1976918336004019,1.1976918336004019
2022-01-15 13:23:36.068070,1004,0.0,1.4462971817702055,1.4462971817702055
2022-01-15 13:23:36.224439,1005,0.0,2.108142400160432,2.108142400160432
2022-01-15 13:23:36.381281,1006,0.0,2.71361137740314,2.71361137740314
2022-01-15 13:23:36.537884,1007,0.0,1.8731426503509283,1.8731426503509283
2022-01-15 13:23:36.694917,1008,0.0,1.6400681398808956,1.6400681398808956
2022-01-15 13:23:36.851407,1009,0.0,1.5583558417856693,1.5583558417856693
2022-01-15 13:23:37.007818,1010,0.0,1.836843777447939,1.836843777447939
2022-01-15 13:23:37.163512,1011,0.0,2.118650361895561,2.118650361895561
2022-01-15 13:23:37.319569,1012,0.0,1.756972337141633,1.756972337141633
2022-01-15 13:23:37.477588,1013,0.0,1.532845949754119,1.532845949754119
2022-01-15 13:23:37.636001,1014,0.0,1.2993873842060566,1.2993873842060566
2022-01-15 13:23:37.793600,1015,0.0,1.6716002486646175,1.6716002486646175
2022-01-15 13:23:37.950424,1016,0.0,1.5493226237595081,1.5493226237595081
2022-01-15 13:23:38.106714,1017,0.0,1.9181341137737036,1.9181341137737036
2022-01-15 13:23:38.262271,1018,0.0,1.9133586548268795,1.9133586548268795
2022-01-15 13:23:38.419224,1019,0.0,1.9042589124292135,1.9042589124292135
2022-01-15 13:23:38.574834,1020,0.0,1.2557963207364082,1.2557963207364082
2022-01-15 13:23:38.729962,1021,0.0,1.810448046773672,1.810448046773672
2022-01-15 13:23:38.885566,1022,0.0,1.4459540136158466,1.4459540136158466
2022-01-15 13:23:39.041842,1023,0.0,1.7017146665602922,1.7017146665602922
2022-01-15 13:23:39.197668,1024,0.0,1.7675672508776188,1.7675672508776188
2022-01-15 13:23:39.353097,1025,0.0,1.7790811620652676,1.7790811620652676
2022-01-15 13:23:39.511660,1026,0.0,1.5918609015643597,1.5918609015643597
2022-01-15 13:23:39.668272,1027,0.0,1.7208879832178354,1.7208879832178354
2022-01-15 13:23:39.824955,1028,0.0,1.8531149290502071,1.8531149290502071
2022-01-15 13:23:39.982533,1029,0.0,1.8895594738423824,1.8895594738423824
2022-01-15 13:23:40.139249,1030,0.0,1.2747362777590752,1.2747362777590752
2022-01-15 13:23:40.295692,1031,0.0,1.8146378695964813,1.8146378695964813
2022-01-15 13:23:40.452389,1032,0.0,2.4882025215774775,2.4882025215774775
2022-01-15 13:23:40.608153,1033,0.0,1.7090346943587065,1.7090346943587065
2022-01-15 13:23:40.763355,1034,0.0,2.0532968379557133,2.0532968379557133
2022-01-15 13:23:40.918360,1035,0.0,1.6829730980098248,1.6829730980098248
2022-01-15 13:23:41.078150,1036,0.0,1.8698670566082,1.8698670566082
2022-01-15 13:23:41.234307,1037,0.0,1.8027178682386875,1.8027178682386875
2022-01-15 13:23:41.392909,1038,0.0,1.4439365454018116,1.4439365454018116
2022-01-15 13:23:41.549687,1039,0.0,1.7365765329450369,1.7365765329450369
2022-01-15 13:23:41.708537,1040,0.0,1.5137072950601578,1.5137072950601578
2022-01-15 13:23:41.867416,1041,0.0,1.5399333592504263,1.5399333592504263
2022-01-15 13:23:42.024982,1042,0.0,2.1167438849806786,2.1167438849806786
2022-01-15 13:23:42.181799,1043,0.0,2.379506330937147,2.379506330937147
2022-01-15 13:23:42.337398,1044,0.0,1.3051149733364582,1.3051149733364582
2022-01-15 13:23:42.494128,1045,0.0,1.5652682390064,1.5652682390064
2022-01-15 13:23:42.651335,1046,0.0,1.320480965077877,1.320480965077877
2022-01-15 13:23:42.808579,1047,0.0,1.9205219354480505,1.9205219354480505
2022-01-15 13:23:42.966574,1048,0.0,1.2383736819028854,1.2383736819028854
2022-01-15 13:23:43.123595,1049,0.0,1.8624150082468987,1.8624150082468987
2022-01-15 13:23:43.280041,1050,0.0,2.1033855360001326,2.1033855360001326
2022-01-15 13:23:43.437507,1051,0.0,2.060249360278249,2.060249360278249
2022-01-15 13:23:43.594334,1052,0.0,1.8492960967123508,1.8492960967123508
2022-01-15 13:23:43.751007,1053,0.0,1.6444272622466087,1.6444272622466087
2022-01-15 13:23:43.906973,1054,0.0,1.3188143633306026,1.3188143633306026
2022-01-15 13:23:44.062417,1055,0.0,1.637215681374073,1.637215681374073
2022-01-15 13:23:44.217732,1056,0.0,1.6848370973020792,1.6848370973020792
2022-01-15 13:23:44.373328,1057,0.0,1.7808455042541027,1.7808455042541027
2022-01-15 13:23:44.531121,1058,0.0,2.1961443200707436,2.1961443200707436
2022-01-15 13:23:44.686998,1059,0.0,1.7854051180183887,1.7854051180183887
2022-01-15 13:23:44.845080,1060,0.0,1.7610322870314121,1.7610322870314121
2022-01-15 13:23:45.002973,1061,0.0,1.952957721427083,1.952957721427083
2022-01-15 13:23:45.160397,1062,0.0,1.5335160791873932,1.5335160791873932
2022-01-15 13:23:45.318392,1063,0.0,1.403323756530881,1.403323756530881
2022-01-15 13:23:45.477242,1064,0.0,1.5212069377303123,1.5212069377303123
2022-01-15 13:23:45.633562,1065,0.0,2.02325227484107,2.02325227484107
2022-01-15 13:23:45.789659,1066,0.0,1.9073831252753735,1.9073831252753735
2022-01-15 13:23:45.945587,1067,0.0,1.6405024584382772,1.6405024584382772
2022-01-15 13:23:46.102135,1068,0.0,1.807542484253645,1.807542484253645
2022-01-15 13:23:46.258786,1069,0.0,1.3940109610557556,1.3940109610557556
2022-01-15 13:23:46.416611,1070,0.0,1.0923508703708649,1.0923508703708649
2022-01-15 13:23:46.574179,1071,0.0,1.6469702031463385,1.6469702031463385
2022-01-15 13:23:46.731097,1072,0.0,1.302496638149023,1.302496638149023
2022-01-15 13:23:46.887959,1073,0.0,1.1780221089720726,1.1780221089720726
2022-01-15 13:23:47.044477,1074,0.0,1.8018981702625751,1.8018981702625751
2022-01-15 13:23:47.200748,1075,0.0,1.3992966152727604,1.3992966152727604
2022-01-15 13:23:47.357006,1076,0.0,1.4495833534747362,1.4495833534747362
2022-01-15 13:23:47.515481,1077,0.0,1.7026621997356415,1.7026621997356415
2022-01-15 13:23:47.673096,1078,0.0,1.3496651072055101,1.3496651072055101
2022-01-15 13:23:47.829933,1079,0.0,1.2768968548625708,1.2768968548625708
2022-01-15 13:23:47.987214,1080,0.0,1.5525686405599117,1.5525686405599117
2022-01-15 13:23:48.143104,1081,0.0,1.4276205636560917,1.4276205636560917
2022-01-15 13:23:48.299179,1082,0.0,1.4763582348823547,1.4763582348823547
2022-01-15 13:23:48.458973,1083,0.0,1.8068201169371605,1.8068201169371605
2022-01-15 13:23:48.616060,1084,0.0,1.5629747733473778,1.5629747733473778
2022-01-15 13:23:48.772644,1085,0.0,2.80535027384758,2.80535027384758
2022-01-15 13:23:48.928633,1086,0.0,1.2797343619167805,1.2797343619167805
2022-01-15 13:23:49.085784,1087,0.0,1.2865193355828524,1.2865193355828524
2022-01-15 13:23:49.242280,1088,0.0,1.4356670565903187,1.4356670565903187
2022-01-15 13:23:49.399406,1089,0.0,1.1883774790912867,1.1883774790912867
2022-01-15 13:23:49.556484,1090,0.0,1.857636108994484,1.857636108994484
2022-01-15 13:23:49.713009,1091,0.0,1.7334985882043839,1.7334985882043839
2022-01-15 13:23:49.869334,1092,0.0,1.4888082072138786,1.4888082072138786
2022-01-15 13:23:50.025401,1093,0.0,2.318429157137871,2.318429157137871
2022-01-15 13:23:50.181111,1094,0.0,1.4652596525847912,1.4652596525847912
2022-01-15 13:23:50.337038,1095,0.0,1.380448080599308,1.380448080599308
2022-01-15 13:23:50.495783,1096,0.0,1.1479944922029972,1.1479944922029972
2022-01-15 13:23:50.652342,1097,0.0,1.4985912274569273,1.4985912274569273
2022-01-15 13:23:50.809072,1098,0.0,1.5417121518403292,1.5417121518403292
2022-01-15 13:23:50.965817,1099,0.0,1.2791805025190115,1.2791805025190115
2022-01-15 13:23:51.122947,1100,0.0,2.08476198092103,2.08476198092103
